2026-06-21 20:48:01,537 ERROR scheduler Skipped queueing frappe.desk.page.backups.backups.delete_downloadable_backups because it was found in queue for library.localhost
2026-06-21 20:48:01,840 ERROR scheduler Skipped queueing frappe.twofactor.delete_all_barcodes_for_users because it was found in queue for library.localhost
2026-06-21 21:04:00,406 ERROR scheduler Skipped queueing frappe.integrations.doctype.google_calendar.google_calendar.sync because it was found in queue for library.localhost
2026-06-21 21:04:00,486 ERROR scheduler Skipped queueing frappe.desk.utils.delete_old_exported_report_files because it was found in queue for library.localhost
2026-06-21 21:04:00,504 ERROR scheduler Skipped queueing frappe.deferred_insert.save_to_db because it was found in queue for library.localhost
2026-06-21 21:04:00,534 ERROR scheduler Skipped queueing frappe.desk.form.document_follow.send_hourly_updates because it was found in queue for library.localhost
2026-06-21 21:04:00,636 ERROR scheduler Skipped queueing frappe.search.sqlite_search.index_docs_in_queue because it was found in queue for library.localhost
2026-06-21 21:04:00,655 ERROR scheduler Skipped queueing frappe.search.sqlite_search.build_index_if_not_exists because it was found in queue for library.localhost
2026-06-21 21:04:00,699 ERROR scheduler Skipped queueing frappe.twofactor.delete_all_barcodes_for_users because it was found in queue for library.localhost
2026-06-21 21:04:00,803 ERROR scheduler Skipped queueing frappe.core.doctype.prepared_report.prepared_report.expire_stalled_report because it was found in queue for library.localhost
2026-06-21 21:04:00,894 ERROR scheduler Skipped queueing frappe.desk.page.backups.backups.delete_downloadable_backups because it was found in queue for library.localhost
2026-06-21 21:04:00,926 ERROR scheduler Skipped queueing frappe.website.doctype.personal_data_deletion_request.personal_data_deletion_request.process_data_deletion_request because it was found in queue for library.localhost
2026-06-21 21:04:00,952 ERROR scheduler Skipped queueing frappe.website.doctype.web_page.web_page.check_publish_status because it was found in queue for library.localhost
2026-06-21 21:04:00,968 ERROR scheduler Skipped queueing frappe.oauth.delete_oauth2_data because it was found in queue for library.localhost
2026-06-21 21:36:01,649 ERROR scheduler Skipped queueing frappe.integrations.doctype.google_calendar.google_calendar.sync because it was found in queue for library.localhost
2026-06-21 21:36:01,731 ERROR scheduler Skipped queueing frappe.utils.telemetry.pulse.client.send_queued_events because it was found in queue for library.localhost
2026-06-21 21:36:01,783 ERROR scheduler Skipped queueing frappe.automation.doctype.reminder.reminder.send_reminders because it was found in queue for library.localhost
2026-06-21 21:36:01,824 ERROR scheduler Skipped queueing frappe.deferred_insert.save_to_db because it was found in queue for library.localhost
2026-06-21 21:36:01,841 ERROR scheduler Skipped queueing frappe.email.queue.flush because it was found in queue for library.localhost
2026-06-21 21:36:01,901 ERROR scheduler Skipped queueing frappe.email.queue.retry_sending_emails because it was found in queue for library.localhost
2026-06-21 21:36:02,662 ERROR scheduler Skipped queueing frappe.email.doctype.email_account.email_account.pull because it was found in queue for library.localhost
2026-06-21 21:36:02,895 ERROR scheduler Skipped queueing frappe.email.doctype.email_account.email_account.notify_unreplied because it was found in queue for library.localhost
2026-06-21 21:36:02,993 ERROR scheduler Skipped queueing frappe.model.utils.link_count.update_link_count because it was found in queue for library.localhost
2026-06-21 21:52:01,051 ERROR scheduler Skipped queueing frappe.utils.global_search.sync_global_search because it was found in queue for library.localhost
2026-06-21 21:52:01,590 ERROR scheduler Skipped queueing frappe.monitor.flush because it was found in queue for library.localhost
2026-06-21 21:52:01,620 ERROR scheduler Skipped queueing frappe.integrations.doctype.google_calendar.google_calendar.sync because it was found in queue for library.localhost
2026-06-21 21:52:01,649 ERROR scheduler Skipped queueing frappe.email.queue.flush because it was found in queue for library.localhost
2026-06-21 21:52:02,105 ERROR scheduler Skipped queueing frappe.automation.doctype.reminder.reminder.send_reminders because it was found in queue for library.localhost
2026-06-21 21:56:00,589 ERROR scheduler Skipped queueing frappe.email.doctype.email_account.email_account.pull because it was found in queue for library.localhost
2026-06-21 21:56:00,723 ERROR scheduler Skipped queueing frappe.email.doctype.notification.notification.trigger_offset_alerts because it was found in queue for library.localhost
2026-06-21 22:00:03,213 ERROR scheduler Skipped queueing frappe.monitor.flush because it was found in queue for library.localhost
2026-06-21 22:04:00,185 ERROR scheduler Skipped queueing frappe.twofactor.delete_all_barcodes_for_users because it was found in queue for library.localhost
2026-06-21 22:04:00,208 ERROR scheduler Skipped queueing frappe.core.doctype.prepared_report.prepared_report.expire_stalled_report because it was found in queue for library.localhost
2026-06-21 22:04:00,223 ERROR scheduler Skipped queueing frappe.model.utils.link_count.update_link_count because it was found in queue for library.localhost
2026-06-21 22:04:00,248 ERROR scheduler Skipped queueing frappe.email.queue.retry_sending_emails because it was found in queue for library.localhost
2026-06-21 22:04:00,266 ERROR scheduler Skipped queueing frappe.model.utils.user_settings.sync_user_settings because it was found in queue for library.localhost
2026-06-21 22:04:00,293 ERROR scheduler Skipped queueing frappe.desk.form.document_follow.send_hourly_updates because it was found in queue for library.localhost
2026-06-21 22:04:00,309 ERROR scheduler Skipped queueing frappe.integrations.doctype.google_calendar.google_calendar.sync because it was found in queue for library.localhost
2026-06-21 22:04:00,318 ERROR scheduler Skipped queueing frappe.oauth.delete_oauth2_data because it was found in queue for library.localhost
2026-06-21 22:04:00,332 ERROR scheduler Skipped queueing frappe.desk.page.backups.backups.delete_downloadable_backups because it was found in queue for library.localhost
2026-06-21 22:04:00,382 ERROR scheduler Skipped queueing frappe.desk.utils.delete_old_exported_report_files because it was found in queue for library.localhost
2026-06-21 22:04:00,434 ERROR scheduler Skipped queueing frappe.website.doctype.personal_data_deletion_request.personal_data_deletion_request.process_data_deletion_request because it was found in queue for library.localhost
2026-06-21 22:04:00,457 ERROR scheduler Skipped queueing frappe.website.doctype.web_page.web_page.check_publish_status because it was found in queue for library.localhost
2026-06-21 22:04:00,491 ERROR scheduler Skipped queueing frappe.email.doctype.notification.notification.trigger_offset_alerts because it was found in queue for library.localhost
2026-06-21 22:08:01,206 ERROR scheduler Skipped queueing frappe.twofactor.delete_all_barcodes_for_users because it was found in queue for library.localhost
2026-06-21 22:08:01,318 ERROR scheduler Skipped queueing frappe.desk.page.backups.backups.delete_downloadable_backups because it was found in queue for library.localhost
2026-06-21 22:08:01,337 ERROR scheduler Skipped queueing frappe.website.doctype.web_page.web_page.check_publish_status because it was found in queue for library.localhost
2026-06-21 22:08:01,353 ERROR scheduler Skipped queueing frappe.model.utils.user_settings.sync_user_settings because it was found in queue for library.localhost
2026-06-21 22:08:01,690 ERROR scheduler Skipped queueing frappe.core.doctype.prepared_report.prepared_report.expire_stalled_report because it was found in queue for library.localhost
2026-06-21 22:08:01,720 ERROR scheduler Skipped queueing frappe.oauth.delete_oauth2_data because it was found in queue for library.localhost
2026-06-21 22:08:01,778 ERROR scheduler Skipped queueing frappe.desk.utils.delete_old_exported_report_files because it was found in queue for library.localhost
2026-06-21 22:08:02,160 ERROR scheduler Skipped queueing frappe.desk.form.document_follow.send_hourly_updates because it was found in queue for library.localhost
2026-06-21 22:12:01,514 ERROR scheduler Skipped queueing frappe.core.doctype.prepared_report.prepared_report.expire_stalled_report because it was found in queue for library.localhost
2026-06-21 22:12:01,697 ERROR scheduler Skipped queueing frappe.desk.form.document_follow.send_hourly_updates because it was found in queue for library.localhost
2026-06-21 22:12:01,937 ERROR scheduler Skipped queueing frappe.oauth.delete_oauth2_data because it was found in queue for library.localhost
2026-06-21 23:04:03,383 ERROR scheduler Skipped queueing frappe.model.utils.user_settings.sync_user_settings because it was found in queue for library.localhost
2026-06-21 23:04:05,566 ERROR scheduler Skipped queueing frappe.desk.utils.delete_old_exported_report_files because it was found in queue for library.localhost
2026-06-21 23:04:05,698 ERROR scheduler Skipped queueing frappe.desk.page.backups.backups.delete_downloadable_backups because it was found in queue for library.localhost
2026-06-21 23:04:05,980 ERROR scheduler Skipped queueing frappe.website.doctype.personal_data_deletion_request.personal_data_deletion_request.process_data_deletion_request because it was found in queue for library.localhost
2026-06-21 23:04:06,116 ERROR scheduler Skipped queueing frappe.desk.form.document_follow.send_hourly_updates because it was found in queue for library.localhost
2026-06-21 23:04:06,426 ERROR scheduler Skipped queueing frappe.website.doctype.web_page.web_page.check_publish_status because it was found in queue for library.localhost
2026-06-21 23:04:06,555 ERROR scheduler Skipped queueing frappe.core.doctype.prepared_report.prepared_report.expire_stalled_report because it was found in queue for library.localhost
2026-06-21 23:04:07,884 ERROR scheduler Skipped queueing frappe.twofactor.delete_all_barcodes_for_users because it was found in queue for library.localhost
2026-06-21 23:08:01,624 ERROR scheduler Skipped queueing frappe.desk.form.document_follow.send_hourly_updates because it was found in queue for library.localhost
2026-06-21 23:08:02,194 ERROR scheduler Skipped queueing frappe.desk.page.backups.backups.delete_downloadable_backups because it was found in queue for library.localhost
2026-06-21 23:12:01,402 ERROR scheduler Skipped queueing frappe.desk.page.backups.backups.delete_downloadable_backups because it was found in queue for library.localhost
2026-06-21 23:12:01,580 ERROR scheduler Skipped queueing frappe.email.queue.retry_sending_emails because it was found in queue for library.localhost
2026-06-21 23:12:01,610 ERROR scheduler Skipped queueing frappe.monitor.flush because it was found in queue for library.localhost
2026-06-21 23:12:01,619 ERROR scheduler Skipped queueing frappe.search.sqlite_search.index_docs_in_queue because it was found in queue for library.localhost
2026-06-21 23:23:11,588 ERROR scheduler Skipped queueing frappe.email.doctype.notification.notification.trigger_offset_alerts because it was found in queue for library.localhost
2026-06-21 23:23:23,708 ERROR scheduler Skipped queueing frappe.desk.page.backups.backups.delete_downloadable_backups because it was found in queue for library.localhost
2026-06-21 23:23:30,277 ERROR scheduler Skipped queueing frappe.email.doctype.email_account.email_account.pull because it was found in queue for library.localhost
2026-06-21 23:24:05,115 ERROR scheduler Skipped queueing frappe.integrations.doctype.google_calendar.google_calendar.sync because it was found in queue for library.localhost
2026-06-21 23:24:05,953 ERROR scheduler Skipped queueing frappe.model.utils.link_count.update_link_count because it was found in queue for library.localhost
2026-06-21 23:24:06,664 ERROR scheduler Skipped queueing frappe.email.doctype.email_account.email_account.notify_unreplied because it was found in queue for library.localhost
2026-06-21 23:24:07,677 ERROR scheduler Skipped queueing frappe.utils.global_search.sync_global_search because it was found in queue for library.localhost
2026-06-21 23:24:08,449 ERROR scheduler Skipped queueing frappe.email.doctype.email_account.email_account.pull because it was found in queue for library.localhost
2026-06-21 23:24:09,042 ERROR scheduler Skipped queueing frappe.utils.telemetry.pulse.client.send_queued_events because it was found in queue for library.localhost
2026-06-21 23:24:10,350 ERROR scheduler Skipped queueing frappe.deferred_insert.save_to_db because it was found in queue for library.localhost
2026-06-21 23:24:11,156 ERROR scheduler Skipped queueing frappe.email.queue.retry_sending_emails because it was found in queue for library.localhost
2026-06-21 23:24:12,676 ERROR scheduler Skipped queueing frappe.search.sqlite_search.index_docs_in_queue because it was found in queue for library.localhost
2026-06-21 23:24:14,356 ERROR scheduler Skipped queueing frappe.monitor.flush because it was found in queue for library.localhost
2026-06-21 23:24:15,296 ERROR scheduler Skipped queueing frappe.email.queue.flush because it was found in queue for library.localhost
2026-06-21 23:24:16,787 ERROR scheduler Skipped queueing frappe.email.doctype.notification.notification.trigger_offset_alerts because it was found in queue for library.localhost
2026-06-21 23:24:18,434 ERROR scheduler Skipped queueing frappe.desk.page.backups.backups.delete_downloadable_backups because it was found in queue for library.localhost
2026-06-21 23:24:19,528 ERROR scheduler Skipped queueing frappe.automation.doctype.reminder.reminder.send_reminders because it was found in queue for library.localhost
2026-06-21 23:28:04,155 ERROR scheduler Skipped queueing frappe.email.queue.retry_sending_emails because it was found in queue for library.localhost
2026-06-21 23:28:04,669 ERROR scheduler Skipped queueing frappe.search.sqlite_search.index_docs_in_queue because it was found in queue for library.localhost
2026-06-21 23:28:05,520 ERROR scheduler Skipped queueing frappe.utils.global_search.sync_global_search because it was found in queue for library.localhost
2026-06-21 23:28:06,252 ERROR scheduler Skipped queueing frappe.integrations.doctype.google_calendar.google_calendar.sync because it was found in queue for library.localhost
2026-06-21 23:28:06,830 ERROR scheduler Skipped queueing frappe.automation.doctype.reminder.reminder.send_reminders because it was found in queue for library.localhost
2026-06-21 23:28:08,209 ERROR scheduler Skipped queueing frappe.deferred_insert.save_to_db because it was found in queue for library.localhost
2026-06-21 23:28:08,830 ERROR scheduler Skipped queueing frappe.email.doctype.email_account.email_account.notify_unreplied because it was found in queue for library.localhost
2026-06-21 23:28:12,284 ERROR scheduler Skipped queueing frappe.email.doctype.email_account.email_account.pull because it was found in queue for library.localhost
2026-06-21 23:28:13,129 ERROR scheduler Skipped queueing frappe.utils.telemetry.pulse.client.send_queued_events because it was found in queue for library.localhost
2026-06-21 23:28:14,644 ERROR scheduler Skipped queueing frappe.email.queue.flush because it was found in queue for library.localhost
2026-06-21 23:28:15,367 ERROR scheduler Skipped queueing frappe.monitor.flush because it was found in queue for library.localhost
2026-06-21 23:29:13,230 ERROR scheduler Skipped queueing frappe.desk.page.backups.backups.delete_downloadable_backups because it was found in queue for library.localhost
2026-06-21 23:29:14,169 ERROR scheduler Skipped queueing frappe.model.utils.link_count.update_link_count because it was found in queue for library.localhost
2026-06-21 23:32:00,949 ERROR scheduler Skipped queueing frappe.email.doctype.email_account.email_account.pull because it was found in queue for library.localhost
2026-06-21 23:32:01,163 ERROR scheduler Skipped queueing frappe.email.queue.flush because it was found in queue for library.localhost
2026-06-21 23:32:01,338 ERROR scheduler Skipped queueing frappe.deferred_insert.save_to_db because it was found in queue for library.localhost
2026-06-21 23:32:01,753 ERROR scheduler Skipped queueing frappe.utils.telemetry.pulse.client.send_queued_events because it was found in queue for library.localhost
2026-06-21 23:32:01,891 ERROR scheduler Skipped queueing frappe.email.queue.retry_sending_emails because it was found in queue for library.localhost
2026-06-21 23:32:02,501 ERROR scheduler Skipped queueing frappe.email.doctype.email_account.email_account.notify_unreplied because it was found in queue for library.localhost
2026-06-21 23:32:03,162 ERROR scheduler Skipped queueing frappe.desk.page.backups.backups.delete_downloadable_backups because it was found in queue for library.localhost
2026-06-21 23:32:03,221 ERROR scheduler Skipped queueing frappe.monitor.flush because it was found in queue for library.localhost
2026-06-21 23:32:03,562 ERROR scheduler Skipped queueing frappe.search.sqlite_search.index_docs_in_queue because it was found in queue for library.localhost
2026-06-21 23:32:03,665 ERROR scheduler Skipped queueing frappe.automation.doctype.reminder.reminder.send_reminders because it was found in queue for library.localhost
2026-06-21 23:32:03,693 ERROR scheduler Skipped queueing frappe.email.doctype.notification.notification.trigger_offset_alerts because it was found in queue for library.localhost
2026-06-21 23:32:03,722 ERROR scheduler Skipped queueing frappe.utils.global_search.sync_global_search because it was found in queue for library.localhost
2026-06-21 23:32:03,776 ERROR scheduler Skipped queueing frappe.model.utils.link_count.update_link_count because it was found in queue for library.localhost
2026-06-21 23:36:02,963 ERROR scheduler Skipped queueing frappe.automation.doctype.reminder.reminder.send_reminders because it was found in queue for library.localhost
2026-06-21 23:36:03,165 ERROR scheduler Skipped queueing frappe.model.utils.link_count.update_link_count because it was found in queue for library.localhost
2026-06-21 23:36:03,636 ERROR scheduler Skipped queueing frappe.integrations.doctype.google_calendar.google_calendar.sync because it was found in queue for library.localhost
2026-06-21 23:36:05,087 ERROR scheduler Skipped queueing frappe.email.doctype.email_account.email_account.notify_unreplied because it was found in queue for library.localhost
2026-06-21 23:36:06,054 ERROR scheduler Skipped queueing frappe.utils.telemetry.pulse.client.send_queued_events because it was found in queue for library.localhost
2026-06-21 23:36:06,686 ERROR scheduler Skipped queueing frappe.search.sqlite_search.index_docs_in_queue because it was found in queue for library.localhost
2026-06-21 23:36:06,856 ERROR scheduler Skipped queueing frappe.utils.global_search.sync_global_search because it was found in queue for library.localhost
2026-06-21 23:36:07,058 ERROR scheduler Skipped queueing frappe.monitor.flush because it was found in queue for library.localhost
2026-06-21 23:36:07,643 ERROR scheduler Skipped queueing frappe.desk.page.backups.backups.delete_downloadable_backups because it was found in queue for library.localhost
2026-06-21 23:36:08,594 ERROR scheduler Skipped queueing frappe.email.doctype.notification.notification.trigger_offset_alerts because it was found in queue for library.localhost
2026-06-21 23:36:08,885 ERROR scheduler Skipped queueing frappe.email.queue.retry_sending_emails because it was found in queue for library.localhost
2026-06-21 23:36:09,131 ERROR scheduler Skipped queueing frappe.deferred_insert.save_to_db because it was found in queue for library.localhost
2026-06-21 23:36:09,627 ERROR scheduler Skipped queueing frappe.email.doctype.email_account.email_account.pull because it was found in queue for library.localhost
2026-06-21 23:36:09,975 ERROR scheduler Skipped queueing frappe.email.queue.flush because it was found in queue for library.localhost
2026-06-21 23:40:02,431 ERROR scheduler Skipped queueing frappe.model.utils.link_count.update_link_count because it was found in queue for library.localhost
2026-06-21 23:40:02,842 ERROR scheduler Skipped queueing frappe.monitor.flush because it was found in queue for library.localhost
2026-06-21 23:40:03,010 ERROR scheduler Skipped queueing frappe.desk.page.backups.backups.delete_downloadable_backups because it was found in queue for library.localhost
2026-06-21 23:40:03,049 ERROR scheduler Skipped queueing frappe.utils.global_search.sync_global_search because it was found in queue for library.localhost
2026-06-21 23:40:04,221 ERROR scheduler Skipped queueing frappe.automation.doctype.reminder.reminder.send_reminders because it was found in queue for library.localhost
2026-06-21 23:40:04,239 ERROR scheduler Skipped queueing frappe.email.queue.retry_sending_emails because it was found in queue for library.localhost
2026-06-21 23:40:04,334 ERROR scheduler Skipped queueing frappe.deferred_insert.save_to_db because it was found in queue for library.localhost
2026-06-21 23:40:04,378 ERROR scheduler Skipped queueing frappe.search.sqlite_search.index_docs_in_queue because it was found in queue for library.localhost
2026-06-21 23:40:04,391 ERROR scheduler Skipped queueing frappe.utils.telemetry.pulse.client.send_queued_events because it was found in queue for library.localhost
2026-06-21 23:40:04,463 ERROR scheduler Skipped queueing frappe.email.doctype.email_account.email_account.notify_unreplied because it was found in queue for library.localhost
2026-06-21 23:44:17,394 ERROR scheduler Skipped queueing frappe.email.queue.retry_sending_emails because it was found in queue for library.localhost
2026-06-21 23:44:18,066 ERROR scheduler Skipped queueing frappe.utils.telemetry.pulse.client.send_queued_events because it was found in queue for library.localhost
2026-06-21 23:44:18,313 ERROR scheduler Skipped queueing frappe.email.doctype.email_account.email_account.pull because it was found in queue for library.localhost
2026-06-21 23:44:18,618 ERROR scheduler Skipped queueing frappe.utils.global_search.sync_global_search because it was found in queue for library.localhost
2026-06-21 23:44:19,087 ERROR scheduler Skipped queueing frappe.email.queue.flush because it was found in queue for library.localhost
2026-06-21 23:44:19,543 ERROR scheduler Skipped queueing frappe.email.doctype.notification.notification.trigger_offset_alerts because it was found in queue for library.localhost
2026-06-21 23:44:20,010 ERROR scheduler Skipped queueing frappe.monitor.flush because it was found in queue for library.localhost
2026-06-21 23:44:20,228 ERROR scheduler Skipped queueing frappe.automation.doctype.reminder.reminder.send_reminders because it was found in queue for library.localhost
2026-06-21 23:44:20,575 ERROR scheduler Skipped queueing frappe.desk.page.backups.backups.delete_downloadable_backups because it was found in queue for library.localhost
2026-06-21 23:44:20,984 ERROR scheduler Skipped queueing frappe.model.utils.link_count.update_link_count because it was found in queue for library.localhost
2026-06-21 23:44:21,228 ERROR scheduler Skipped queueing frappe.email.doctype.email_account.email_account.notify_unreplied because it was found in queue for library.localhost
2026-06-21 23:44:21,671 ERROR scheduler Skipped queueing frappe.deferred_insert.save_to_db because it was found in queue for library.localhost
2026-06-21 23:44:21,856 ERROR scheduler Skipped queueing frappe.search.sqlite_search.index_docs_in_queue because it was found in queue for library.localhost
2026-06-21 23:48:04,830 ERROR scheduler Skipped queueing frappe.email.doctype.email_account.email_account.pull because it was found in queue for library.localhost
2026-06-21 23:48:08,859 ERROR scheduler Skipped queueing frappe.email.queue.retry_sending_emails because it was found in queue for library.localhost
2026-06-21 23:48:08,986 ERROR scheduler Skipped queueing frappe.automation.doctype.reminder.reminder.send_reminders because it was found in queue for library.localhost
2026-06-21 23:48:09,166 ERROR scheduler Skipped queueing frappe.desk.page.backups.backups.delete_downloadable_backups because it was found in queue for library.localhost
2026-06-21 23:48:13,029 ERROR scheduler Skipped queueing frappe.integrations.doctype.google_calendar.google_calendar.sync because it was found in queue for library.localhost
2026-06-21 23:52:00,711 ERROR scheduler Skipped queueing frappe.monitor.flush because it was found in queue for library.localhost
2026-06-21 23:52:00,728 ERROR scheduler Skipped queueing frappe.desk.page.backups.backups.delete_downloadable_backups because it was found in queue for library.localhost
2026-06-22 00:04:06,120 ERROR scheduler Skipped queueing frappe.email.doctype.notification.notification.trigger_daily_alerts because it was found in queue for library.localhost
2026-06-22 00:04:06,309 ERROR scheduler Skipped queueing frappe.search.sqlite_search.build_index_if_not_exists because it was found in queue for library.localhost
2026-06-22 00:04:06,938 ERROR scheduler Skipped queueing frappe.automation.doctype.auto_repeat.auto_repeat.make_auto_repeat_entry because it was found in queue for library.localhost
2026-06-22 00:04:07,782 ERROR scheduler Skipped queueing frappe.integrations.doctype.google_calendar.google_calendar.sync because it was found in queue for library.localhost
2026-06-22 00:04:07,990 ERROR scheduler Skipped queueing frappe.desk.form.document_follow.send_daily_updates because it was found in queue for library.localhost
2026-06-22 00:04:08,117 ERROR scheduler Skipped queueing frappe.website.doctype.personal_data_deletion_request.personal_data_deletion_request.remove_unverified_record because it was found in queue for library.localhost
2026-06-22 00:04:08,143 ERROR scheduler Skipped queueing frappe.core.doctype.prepared_report.prepared_report.expire_stalled_report because it was found in queue for library.localhost
2026-06-22 00:04:08,170 ERROR scheduler Skipped queueing frappe.model.utils.link_count.update_link_count because it was found in queue for library.localhost
2026-06-22 00:04:08,182 ERROR scheduler Skipped queueing frappe.oauth.delete_oauth2_data because it was found in queue for library.localhost
2026-06-22 00:04:08,225 ERROR scheduler Skipped queueing frappe.core.doctype.log_settings.log_settings.run_log_clean_up because it was found in queue for library.localhost
2026-06-22 00:04:08,245 ERROR scheduler Skipped queueing frappe.desk.form.document_follow.send_hourly_updates because it was found in queue for library.localhost
2026-06-22 00:04:08,293 ERROR scheduler Skipped queueing frappe.core.doctype.user_invitation.user_invitation.mark_expired_invitations because it was found in queue for library.localhost
2026-06-22 00:04:08,300 ERROR scheduler Skipped queueing frappe.website.doctype.personal_data_deletion_request.personal_data_deletion_request.process_data_deletion_request because it was found in queue for library.localhost
2026-06-22 00:04:08,337 ERROR scheduler Skipped queueing frappe.website.doctype.web_page.web_page.check_publish_status because it was found in queue for library.localhost
2026-06-22 00:04:08,344 ERROR scheduler Skipped queueing frappe.deferred_insert.save_to_db because it was found in queue for library.localhost
2026-06-22 00:04:08,454 ERROR scheduler Skipped queueing frappe.email.queue.flush because it was found in queue for library.localhost
2026-06-22 00:04:08,523 ERROR scheduler Skipped queueing frappe.email.doctype.notification.notification.trigger_offset_alerts because it was found in queue for library.localhost
2026-06-22 00:04:08,532 ERROR scheduler Skipped queueing frappe.monitor.flush because it was found in queue for library.localhost
2026-06-22 00:04:08,539 ERROR scheduler Skipped queueing frappe.sessions.clear_expired_sessions because it was found in queue for library.localhost
2026-06-22 00:04:08,549 ERROR scheduler Skipped queueing frappe.automation.doctype.reminder.reminder.send_reminders because it was found in queue for library.localhost
2026-06-22 00:04:08,561 ERROR scheduler Skipped queueing frappe.utils.telemetry.pulse.client.send_queued_events because it was found in queue for library.localhost
2026-06-22 00:04:08,569 ERROR scheduler Skipped queueing frappe.search.sqlite_search.index_docs_in_queue because it was found in queue for library.localhost
2026-06-22 00:04:08,801 ERROR scheduler Skipped queueing frappe.desk.utils.delete_old_exported_report_files because it was found in queue for library.localhost
2026-06-22 00:04:08,825 ERROR scheduler Skipped queueing frappe.twofactor.delete_all_barcodes_for_users because it was found in queue for library.localhost
2026-06-22 00:04:08,845 ERROR scheduler Skipped queueing frappe.desk.notifications.clear_notifications because it was found in queue for library.localhost
2026-06-22 00:04:08,879 ERROR scheduler Skipped queueing frappe.email.queue.retry_sending_emails because it was found in queue for library.localhost
2026-06-22 00:04:08,977 ERROR scheduler Skipped queueing frappe.model.utils.user_settings.sync_user_settings because it was found in queue for library.localhost
2026-06-22 00:04:08,990 ERROR scheduler Skipped queueing frappe.desk.doctype.event.event.send_event_digest because it was found in queue for library.localhost
2026-06-22 00:04:09,005 ERROR scheduler Skipped queueing frappe.email.doctype.email_account.email_account.notify_unreplied because it was found in queue for library.localhost
2026-06-22 00:04:09,088 ERROR scheduler Skipped queueing frappe.email.doctype.auto_email_report.auto_email_report.send_daily because it was found in queue for library.localhost
2026-06-22 00:08:18,625 ERROR scheduler Skipped queueing frappe.desk.form.document_follow.send_daily_updates because it was found in queue for library.localhost
2026-06-22 00:08:21,128 ERROR scheduler Skipped queueing frappe.core.doctype.prepared_report.prepared_report.expire_stalled_report because it was found in queue for library.localhost
2026-06-22 00:08:21,210 ERROR scheduler Skipped queueing frappe.twofactor.delete_all_barcodes_for_users because it was found in queue for library.localhost
2026-06-22 00:08:21,439 ERROR scheduler Skipped queueing frappe.core.doctype.user_invitation.user_invitation.mark_expired_invitations because it was found in queue for library.localhost
2026-06-22 00:08:26,833 ERROR scheduler Skipped queueing frappe.email.doctype.auto_email_report.auto_email_report.send_daily because it was found in queue for library.localhost
2026-06-22 00:08:27,898 ERROR scheduler Skipped queueing frappe.website.doctype.web_page.web_page.check_publish_status because it was found in queue for library.localhost
2026-06-22 00:08:33,809 ERROR scheduler Skipped queueing frappe.website.doctype.personal_data_deletion_request.personal_data_deletion_request.process_data_deletion_request because it was found in queue for library.localhost
2026-06-22 00:08:43,119 ERROR scheduler Skipped queueing frappe.model.utils.link_count.update_link_count because it was found in queue for library.localhost
2026-06-22 00:08:44,190 ERROR scheduler Skipped queueing frappe.website.doctype.personal_data_deletion_request.personal_data_deletion_request.remove_unverified_record because it was found in queue for library.localhost
2026-06-22 00:08:45,330 ERROR scheduler Skipped queueing frappe.utils.global_search.sync_global_search because it was found in queue for library.localhost
2026-06-22 00:08:49,708 ERROR scheduler Skipped queueing frappe.desk.notifications.clear_notifications because it was found in queue for library.localhost
2026-06-22 00:08:50,679 ERROR scheduler Skipped queueing frappe.model.utils.user_settings.sync_user_settings because it was found in queue for library.localhost
2026-06-22 00:08:52,867 ERROR scheduler Skipped queueing frappe.sessions.clear_expired_sessions because it was found in queue for library.localhost
2026-06-22 00:08:54,464 ERROR scheduler Skipped queueing frappe.search.sqlite_search.build_index_if_not_exists because it was found in queue for library.localhost
2026-06-22 00:08:56,302 ERROR scheduler Skipped queueing frappe.automation.doctype.reminder.reminder.send_reminders because it was found in queue for library.localhost
2026-06-22 00:08:57,359 ERROR scheduler Skipped queueing frappe.desk.form.document_follow.send_hourly_updates because it was found in queue for library.localhost
2026-06-22 00:08:58,398 ERROR scheduler Skipped queueing frappe.utils.telemetry.pulse.client.send_queued_events because it was found in queue for library.localhost
2026-06-22 00:09:00,065 ERROR scheduler Skipped queueing frappe.desk.page.backups.backups.delete_downloadable_backups because it was found in queue for library.localhost
2026-06-22 00:09:01,483 ERROR scheduler Skipped queueing frappe.email.doctype.email_account.email_account.notify_unreplied because it was found in queue for library.localhost
2026-06-22 00:09:03,182 ERROR scheduler Skipped queueing frappe.email.doctype.notification.notification.trigger_daily_alerts because it was found in queue for library.localhost
2026-06-22 00:09:04,835 ERROR scheduler Skipped queueing frappe.automation.doctype.auto_repeat.auto_repeat.make_auto_repeat_entry because it was found in queue for library.localhost
2026-06-22 00:09:07,001 ERROR scheduler Skipped queueing frappe.desk.utils.delete_old_exported_report_files because it was found in queue for library.localhost
2026-06-22 00:09:08,243 ERROR scheduler Skipped queueing frappe.email.doctype.email_account.email_account.pull because it was found in queue for library.localhost
2026-06-22 00:09:09,688 ERROR scheduler Skipped queueing frappe.oauth.delete_oauth2_data because it was found in queue for library.localhost
2026-06-22 00:09:10,615 ERROR scheduler Skipped queueing frappe.deferred_insert.save_to_db because it was found in queue for library.localhost
2026-06-22 00:09:12,899 ERROR scheduler Skipped queueing frappe.core.doctype.log_settings.log_settings.run_log_clean_up because it was found in queue for library.localhost
2026-06-22 00:09:12,931 ERROR scheduler Skipped queueing frappe.desk.doctype.event.event.send_event_digest because it was found in queue for library.localhost
2026-06-22 00:12:06,235 ERROR scheduler Skipped queueing frappe.email.doctype.email_account.email_account.pull because it was found in queue for library.localhost
2026-06-22 00:12:07,318 ERROR scheduler Skipped queueing frappe.core.doctype.log_settings.log_settings.run_log_clean_up because it was found in queue for library.localhost
2026-06-22 00:12:07,751 ERROR scheduler Skipped queueing frappe.core.doctype.user_invitation.user_invitation.mark_expired_invitations because it was found in queue for library.localhost
2026-06-22 00:12:08,827 ERROR scheduler Skipped queueing frappe.email.doctype.notification.notification.trigger_offset_alerts because it was found in queue for library.localhost
2026-06-22 00:12:10,152 ERROR scheduler Skipped queueing frappe.email.doctype.auto_email_report.auto_email_report.send_daily because it was found in queue for library.localhost
2026-06-22 00:12:12,120 ERROR scheduler Skipped queueing frappe.desk.doctype.event.event.send_event_digest because it was found in queue for library.localhost
2026-06-22 00:12:14,391 ERROR scheduler Skipped queueing frappe.desk.form.document_follow.send_hourly_updates because it was found in queue for library.localhost
2026-06-22 00:12:16,295 ERROR scheduler Skipped queueing frappe.search.sqlite_search.index_docs_in_queue because it was found in queue for library.localhost
2026-06-22 00:12:16,703 ERROR scheduler Skipped queueing frappe.model.utils.user_settings.sync_user_settings because it was found in queue for library.localhost
2026-06-22 00:12:16,719 ERROR scheduler Skipped queueing frappe.email.doctype.notification.notification.trigger_daily_alerts because it was found in queue for library.localhost
2026-06-22 00:12:16,997 ERROR scheduler Skipped queueing frappe.email.queue.flush because it was found in queue for library.localhost
2026-06-22 00:12:18,319 ERROR scheduler Skipped queueing frappe.sessions.clear_expired_sessions because it was found in queue for library.localhost
2026-06-22 00:12:18,426 ERROR scheduler Skipped queueing frappe.utils.global_search.sync_global_search because it was found in queue for library.localhost
2026-06-22 00:12:19,640 ERROR scheduler Skipped queueing frappe.website.doctype.personal_data_deletion_request.personal_data_deletion_request.process_data_deletion_request because it was found in queue for library.localhost
2026-06-22 00:12:20,620 ERROR scheduler Skipped queueing frappe.monitor.flush because it was found in queue for library.localhost
2026-06-22 00:12:21,859 ERROR scheduler Skipped queueing frappe.search.sqlite_search.build_index_if_not_exists because it was found in queue for library.localhost
2026-06-22 00:12:23,095 ERROR scheduler Skipped queueing frappe.core.doctype.prepared_report.prepared_report.expire_stalled_report because it was found in queue for library.localhost
2026-06-22 00:12:24,079 ERROR scheduler Skipped queueing frappe.twofactor.delete_all_barcodes_for_users because it was found in queue for library.localhost
2026-06-22 00:12:24,272 ERROR scheduler Skipped queueing frappe.desk.page.backups.backups.delete_downloadable_backups because it was found in queue for library.localhost
2026-06-22 00:12:25,561 ERROR scheduler Skipped queueing frappe.website.doctype.personal_data_deletion_request.personal_data_deletion_request.remove_unverified_record because it was found in queue for library.localhost
2026-06-22 00:12:28,520 ERROR scheduler Skipped queueing frappe.automation.doctype.reminder.reminder.send_reminders because it was found in queue for library.localhost
2026-06-22 00:12:30,204 ERROR scheduler Skipped queueing frappe.email.queue.retry_sending_emails because it was found in queue for library.localhost
2026-06-22 00:12:31,517 ERROR scheduler Skipped queueing frappe.email.doctype.email_account.email_account.notify_unreplied because it was found in queue for library.localhost
2026-06-22 00:12:31,935 ERROR scheduler Skipped queueing frappe.utils.telemetry.pulse.client.send_queued_events because it was found in queue for library.localhost
2026-06-22 00:12:32,917 ERROR scheduler Skipped queueing frappe.integrations.doctype.google_calendar.google_calendar.sync because it was found in queue for library.localhost
2026-06-22 00:12:34,998 ERROR scheduler Skipped queueing frappe.automation.doctype.auto_repeat.auto_repeat.make_auto_repeat_entry because it was found in queue for library.localhost
2026-06-22 00:12:36,470 ERROR scheduler Skipped queueing frappe.desk.form.document_follow.send_daily_updates because it was found in queue for library.localhost
2026-06-22 00:12:37,693 ERROR scheduler Skipped queueing frappe.deferred_insert.save_to_db because it was found in queue for library.localhost
2026-06-22 00:12:38,392 ERROR scheduler Skipped queueing frappe.model.utils.link_count.update_link_count because it was found in queue for library.localhost
2026-06-22 00:12:38,416 ERROR scheduler Skipped queueing frappe.desk.notifications.clear_notifications because it was found in queue for library.localhost
2026-06-22 00:12:38,438 ERROR scheduler Skipped queueing frappe.desk.utils.delete_old_exported_report_files because it was found in queue for library.localhost
2026-06-22 00:12:38,450 ERROR scheduler Skipped queueing frappe.oauth.delete_oauth2_data because it was found in queue for library.localhost
2026-06-22 00:16:00,568 ERROR scheduler Skipped queueing frappe.desk.page.backups.backups.delete_downloadable_backups because it was found in queue for library.localhost
2026-06-22 00:16:00,587 ERROR scheduler Skipped queueing frappe.core.doctype.log_settings.log_settings.run_log_clean_up because it was found in queue for library.localhost
2026-06-22 00:16:00,688 ERROR scheduler Skipped queueing frappe.model.utils.link_count.update_link_count because it was found in queue for library.localhost
2026-06-22 00:16:00,729 ERROR scheduler Skipped queueing frappe.desk.form.document_follow.send_hourly_updates because it was found in queue for library.localhost
2026-06-22 00:16:00,764 ERROR scheduler Skipped queueing frappe.sessions.clear_expired_sessions because it was found in queue for library.localhost
2026-06-22 00:16:00,803 ERROR scheduler Skipped queueing frappe.deferred_insert.save_to_db because it was found in queue for library.localhost
2026-06-22 00:16:00,808 ERROR scheduler Skipped queueing frappe.email.doctype.email_account.email_account.notify_unreplied because it was found in queue for library.localhost
2026-06-22 00:16:00,813 ERROR scheduler Skipped queueing frappe.search.sqlite_search.build_index_if_not_exists because it was found in queue for library.localhost
2026-06-22 00:16:00,819 ERROR scheduler Skipped queueing frappe.desk.doctype.event.event.send_event_digest because it was found in queue for library.localhost
2026-06-22 00:16:01,056 ERROR scheduler Skipped queueing frappe.model.utils.user_settings.sync_user_settings because it was found in queue for library.localhost
2026-06-22 00:16:01,070 ERROR scheduler Skipped queueing frappe.website.doctype.personal_data_deletion_request.personal_data_deletion_request.process_data_deletion_request because it was found in queue for library.localhost
2026-06-22 00:16:01,080 ERROR scheduler Skipped queueing frappe.desk.form.document_follow.send_daily_updates because it was found in queue for library.localhost
2026-06-22 00:16:01,111 ERROR scheduler Skipped queueing frappe.automation.doctype.auto_repeat.auto_repeat.make_auto_repeat_entry because it was found in queue for library.localhost
2026-06-22 00:16:01,326 ERROR scheduler Skipped queueing frappe.core.doctype.user_invitation.user_invitation.mark_expired_invitations because it was found in queue for library.localhost
2026-06-22 00:16:01,338 ERROR scheduler Skipped queueing frappe.twofactor.delete_all_barcodes_for_users because it was found in queue for library.localhost
2026-06-22 00:16:01,357 ERROR scheduler Skipped queueing frappe.utils.telemetry.pulse.client.send_queued_events because it was found in queue for library.localhost
2026-06-22 00:16:01,460 ERROR scheduler Skipped queueing frappe.integrations.doctype.google_calendar.google_calendar.sync because it was found in queue for library.localhost
2026-06-22 00:16:01,507 ERROR scheduler Skipped queueing frappe.email.queue.retry_sending_emails because it was found in queue for library.localhost
2026-06-22 00:16:01,522 ERROR scheduler Skipped queueing frappe.automation.doctype.reminder.reminder.send_reminders because it was found in queue for library.localhost
2026-06-22 00:16:01,634 ERROR scheduler Skipped queueing frappe.website.doctype.personal_data_deletion_request.personal_data_deletion_request.remove_unverified_record because it was found in queue for library.localhost
2026-06-22 00:16:01,644 ERROR scheduler Skipped queueing frappe.core.doctype.prepared_report.prepared_report.expire_stalled_report because it was found in queue for library.localhost
2026-06-22 00:16:01,652 ERROR scheduler Skipped queueing frappe.email.queue.flush because it was found in queue for library.localhost
2026-06-22 00:16:01,658 ERROR scheduler Skipped queueing frappe.search.sqlite_search.index_docs_in_queue because it was found in queue for library.localhost
2026-06-22 00:16:01,663 ERROR scheduler Skipped queueing frappe.desk.notifications.clear_notifications because it was found in queue for library.localhost
2026-06-22 00:16:01,678 ERROR scheduler Skipped queueing frappe.oauth.delete_oauth2_data because it was found in queue for library.localhost
2026-06-22 00:16:01,694 ERROR scheduler Skipped queueing frappe.email.doctype.auto_email_report.auto_email_report.send_daily because it was found in queue for library.localhost
2026-06-22 00:16:01,704 ERROR scheduler Skipped queueing frappe.email.doctype.email_account.email_account.pull because it was found in queue for library.localhost
2026-06-22 00:16:01,712 ERROR scheduler Skipped queueing frappe.desk.utils.delete_old_exported_report_files because it was found in queue for library.localhost
