2026-06-21 15:23:48,644 Worker 6563de994ad446f9920d1282d31c237b: could not connect to Redis instance: Error 111 connecting to 127.0.0.1:11000. Connection refused. retrying in 2 seconds...
2026-06-21 15:23:51,283 Worker 6563de994ad446f9920d1282d31c237b: could not connect to Redis instance: Error 111 connecting to 127.0.0.1:11000. Connection refused. retrying in 2 seconds...
2026-06-21 15:23:53,474 Worker 6563de994ad446f9920d1282d31c237b: could not connect to Redis instance: Error 111 connecting to 127.0.0.1:11000. Connection refused. retrying in 2 seconds...
2026-06-21 15:23:55,714 Worker 6563de994ad446f9920d1282d31c237b: could not connect to Redis instance: Error 111 connecting to 127.0.0.1:11000. Connection refused. retrying in 2 seconds...
2026-06-21 15:23:57,768 Worker 6563de994ad446f9920d1282d31c237b: could not connect to Redis instance: Error 111 connecting to 127.0.0.1:11000. Connection refused. retrying in 2 seconds...
2026-06-21 15:23:59,949 Worker 6563de994ad446f9920d1282d31c237b: could not connect to Redis instance: Error 111 connecting to 127.0.0.1:11000. Connection refused. retrying in 2 seconds...
Exception in thread Thread-1:
2026-06-21 15:24:02,096 Worker 6563de994ad446f9920d1282d31c237b: could not connect to Redis instance: Error 111 connecting to 127.0.0.1:11000. Connection refused. retrying in 2 seconds...
2026-06-21 15:24:04,134 Worker 6563de994ad446f9920d1282d31c237b: could not connect to Redis instance: Error 111 connecting to 127.0.0.1:11000. Connection refused. retrying in 2 seconds...
Traceback (most recent call last):
2026-06-21 15:24:06,419 Worker 6563de994ad446f9920d1282d31c237b: could not connect to Redis instance: Error 111 connecting to 127.0.0.1:11000. Connection refused. retrying in 2 seconds...
  File "/mnt/d/code/frappe_dev/my-bench/env/lib/python3.14/site-packages/redis/connection.py", line 855, in connect_check_health
    sock = self.retry.call_with_retry(
        lambda: self._connect(), lambda error: self.disconnect(error)
    )
  File "/mnt/d/code/frappe_dev/my-bench/env/lib/python3.14/site-packages/redis/retry.py", line 116, in call_with_retry
    return do()
  File "/mnt/d/code/frappe_dev/my-bench/env/lib/python3.14/site-packages/redis/connection.py", line 856, in <lambda>
    lambda: self._connect(), lambda error: self.disconnect(error)
            ~~~~~~~~~~~~~^^
  File "/mnt/d/code/frappe_dev/my-bench/env/lib/python3.14/site-packages/redis/connection.py", line 1306, in _connect
    raise err
  File "/mnt/d/code/frappe_dev/my-bench/env/lib/python3.14/site-packages/redis/connection.py", line 1290, in _connect
    sock.connect(socket_address)
    ~~~~~~~~~~~~^^^^^^^^^^^^^^^^
ConnectionRefusedError: [Errno 111] Connection refused

During handling of the above exception, another exception occurred:

Traceback (most recent call last):
  File "/mnt/d/code/frappe_dev/my-bench/env/lib/python3.14/site-packages/redis/retry.py", line 116, in call_with_retry
    return do()
  File "/mnt/d/code/frappe_dev/my-bench/env/lib/python3.14/site-packages/redis/client.py", line 973, in <lambda>
    lambda: command(*args, **kwargs),
            ~~~~~~~^^^^^^^^^^^^^^^^^
  File "/mnt/d/code/frappe_dev/my-bench/env/lib/python3.14/site-packages/redis/client.py", line 992, in try_read
    if not conn.can_read(timeout=timeout):
           ~~~~~~~~~~~~~^^^^^^^^^^^^^^^^^
  File "/mnt/d/code/frappe_dev/my-bench/env/lib/python3.14/site-packages/redis/connection.py", line 1105, in can_read
    self.connect()
    ~~~~~~~~~~~~^^
  File "/mnt/d/code/frappe_dev/my-bench/env/lib/python3.14/site-packages/redis/connection.py", line 846, in connect
    self.connect_check_health(check_health=True)
    ~~~~~~~~~~~~~~~~~~~~~~~~~^^^^^^^^^^^^^^^^^^^
  File "/mnt/d/code/frappe_dev/my-bench/env/lib/python3.14/site-packages/redis/connection.py", line 863, in connect_check_health
    raise ConnectionError(self._error_message(e))
redis.exceptions.ConnectionError: Error 111 connecting to 127.0.0.1:13000. Connection refused.

During handling of the above exception, another exception occurred:

2026-06-21 15:24:08,549 Worker 6563de994ad446f9920d1282d31c237b: could not connect to Redis instance: Error 111 connecting to 127.0.0.1:11000. Connection refused. retrying in 2 seconds...
Traceback (most recent call last):
  File "/mnt/d/code/frappe_dev/my-bench/env/lib/python3.14/site-packages/redis/connection.py", line 855, in connect_check_health
    sock = self.retry.call_with_retry(
        lambda: self._connect(), lambda error: self.disconnect(error)
    )
  File "/mnt/d/code/frappe_dev/my-bench/env/lib/python3.14/site-packages/redis/retry.py", line 116, in call_with_retry
    return do()
  File "/mnt/d/code/frappe_dev/my-bench/env/lib/python3.14/site-packages/redis/connection.py", line 856, in <lambda>
    lambda: self._connect(), lambda error: self.disconnect(error)
            ~~~~~~~~~~~~~^^
  File "/mnt/d/code/frappe_dev/my-bench/env/lib/python3.14/site-packages/redis/connection.py", line 1306, in _connect
    raise err
  File "/mnt/d/code/frappe_dev/my-bench/env/lib/python3.14/site-packages/redis/connection.py", line 1290, in _connect
    sock.connect(socket_address)
    ~~~~~~~~~~~~^^^^^^^^^^^^^^^^
ConnectionRefusedError: [Errno 111] Connection refused

During handling of the above exception, another exception occurred:

Traceback (most recent call last):
2026-06-21 16:28:50,517 Worker 249b7340373a466197488fd3c20ce142: could not connect to Redis instance: Error 111 connecting to 127.0.0.1:11000. Connection refused. retrying in 2 seconds...
2026-06-21 16:28:54,347 Worker 249b7340373a466197488fd3c20ce142: could not connect to Redis instance: Error 111 connecting to 127.0.0.1:11000. Connection refused. retrying in 2 seconds...
2026-06-21 16:28:56,902 Worker 249b7340373a466197488fd3c20ce142: could not connect to Redis instance: Error 111 connecting to 127.0.0.1:11000. Connection refused. retrying in 2 seconds...
2026-06-21 16:29:00,521 Worker 249b7340373a466197488fd3c20ce142: could not connect to Redis instance: Error 111 connecting to 127.0.0.1:11000. Connection refused. retrying in 2 seconds...
2026-06-21 16:29:03,611 Worker 249b7340373a466197488fd3c20ce142: could not connect to Redis instance: Error 111 connecting to 127.0.0.1:11000. Connection refused. retrying in 2 seconds...
2026-06-21 16:29:10,349 Worker 249b7340373a466197488fd3c20ce142: could not connect to Redis instance: Error 111 connecting to 127.0.0.1:11000. Connection refused. retrying in 2 seconds...
Exception in thread Thread-1:
2026-06-21 16:29:13,135 Worker 249b7340373a466197488fd3c20ce142: could not connect to Redis instance: Error 111 connecting to 127.0.0.1:11000. Connection refused. retrying in 2 seconds...
2026-06-21 16:29:18,857 Worker 249b7340373a466197488fd3c20ce142: could not connect to Redis instance: Error 111 connecting to 127.0.0.1:11000. Connection refused. retrying in 2 seconds...
2026-06-21 16:29:26,913 Worker 249b7340373a466197488fd3c20ce142: could not connect to Redis instance: Error 111 connecting to 127.0.0.1:11000. Connection refused. retrying in 2 seconds...
2026-06-21 16:29:38,632 Worker 249b7340373a466197488fd3c20ce142: could not connect to Redis instance: Error 111 connecting to 127.0.0.1:11000. Connection refused. retrying in 2 seconds...
2026-06-21 16:29:43,624 Worker 249b7340373a466197488fd3c20ce142: could not connect to Redis instance: Error 111 connecting to 127.0.0.1:11000. Connection refused. retrying in 2 seconds...
2026-06-21 16:29:46,112 Worker 249b7340373a466197488fd3c20ce142: could not connect to Redis instance: Error 111 connecting to 127.0.0.1:11000. Connection refused. retrying in 2 seconds...
2026-06-21 16:29:48,428 Worker 249b7340373a466197488fd3c20ce142: could not connect to Redis instance: Error 111 connecting to 127.0.0.1:11000. Connection refused. retrying in 2 seconds...
2026-06-21 16:29:51,704 Worker 249b7340373a466197488fd3c20ce142: could not connect to Redis instance: Error 111 connecting to 127.0.0.1:11000. Connection refused. retrying in 2 seconds...
2026-06-21 16:30:01,036 Worker 249b7340373a466197488fd3c20ce142: could not connect to Redis instance: Error 111 connecting to 127.0.0.1:11000. Connection refused. retrying in 2 seconds...
2026-06-21 16:30:07,666 Worker 249b7340373a466197488fd3c20ce142: could not connect to Redis instance: Error 111 connecting to 127.0.0.1:11000. Connection refused. retrying in 2 seconds...
2026-06-21 16:30:09,747 Worker 249b7340373a466197488fd3c20ce142: could not connect to Redis instance: Error 111 connecting to 127.0.0.1:11000. Connection refused. retrying in 2 seconds...
Traceback (most recent call last):
2026-06-21 16:30:20,638 Worker 249b7340373a466197488fd3c20ce142: could not connect to Redis instance: Error 111 connecting to 127.0.0.1:11000. Connection refused. retrying in 2 seconds...
2026-06-21 16:30:53,339 Worker 249b7340373a466197488fd3c20ce142: could not connect to Redis instance: Error 111 connecting to 127.0.0.1:11000. Connection refused. retrying in 2 seconds...
2026-06-21 16:30:56,794 Worker 249b7340373a466197488fd3c20ce142: could not connect to Redis instance: Error 111 connecting to 127.0.0.1:11000. Connection refused. retrying in 2 seconds...
2026-06-21 16:31:10,103 Worker 249b7340373a466197488fd3c20ce142: could not connect to Redis instance: Error 111 connecting to 127.0.0.1:11000. Connection refused. retrying in 2 seconds...
  File "/mnt/d/code/frappe_dev/my-bench/env/lib/python3.14/site-packages/redis/connection.py", line 855, in connect_check_health
    sock = self.retry.call_with_retry(
        lambda: self._connect(), lambda error: self.disconnect(error)
    )
  File "/mnt/d/code/frappe_dev/my-bench/env/lib/python3.14/site-packages/redis/retry.py", line 116, in call_with_retry
    return do()
  File "/mnt/d/code/frappe_dev/my-bench/env/lib/python3.14/site-packages/redis/connection.py", line 856, in <lambda>
    lambda: self._connect(), lambda error: self.disconnect(error)
            ~~~~~~~~~~~~~^^
  File "/mnt/d/code/frappe_dev/my-bench/env/lib/python3.14/site-packages/redis/connection.py", line 1306, in _connect
    raise err
  File "/mnt/d/code/frappe_dev/my-bench/env/lib/python3.14/site-packages/redis/connection.py", line 1290, in _connect
    sock.connect(socket_address)
    ~~~~~~~~~~~~^^^^^^^^^^^^^^^^
2026-06-21 16:31:23,579 Worker 249b7340373a466197488fd3c20ce142: could not connect to Redis instance: Error 111 connecting to 127.0.0.1:11000. Connection refused. retrying in 2 seconds...
ConnectionRefusedError: [Errno 111] Connection refused

During handling of the above exception, another exception occurred:

Traceback (most recent call last):
  File "/mnt/d/code/frappe_dev/my-bench/env/lib/python3.14/site-packages/redis/retry.py", line 116, in call_with_retry
    return do()
  File "/mnt/d/code/frappe_dev/my-bench/env/lib/python3.14/site-packages/redis/client.py", line 973, in <lambda>
    lambda: command(*args, **kwargs),
            ~~~~~~~^^^^^^^^^^^^^^^^^
  File "/mnt/d/code/frappe_dev/my-bench/env/lib/python3.14/site-packages/redis/client.py", line 992, in try_read
    if not conn.can_read(timeout=timeout):
           ~~~~~~~~~~~~~^^^^^^^^^^^^^^^^^
  File "/mnt/d/code/frappe_dev/my-bench/env/lib/python3.14/site-packages/redis/connection.py", line 1105, in can_read
    self.connect()
    ~~~~~~~~~~~~^^
  File "/mnt/d/code/frappe_dev/my-bench/env/lib/python3.14/site-packages/redis/connection.py", line 846, in connect
    self.connect_check_health(check_health=True)
    ~~~~~~~~~~~~~~~~~~~~~~~~~^^^^^^^^^^^^^^^^^^^
  File "/mnt/d/code/frappe_dev/my-bench/env/lib/python3.14/site-packages/redis/connection.py", line 863, in connect_check_health
    raise ConnectionError(self._error_message(e))
redis.exceptions.ConnectionError: Error 111 connecting to 127.0.0.1:13000. Connection refused.

During handling of the above exception, another exception occurred:

Traceback (most recent call last):
  File "/mnt/d/code/frappe_dev/my-bench/env/lib/python3.14/site-packages/redis/connection.py", line 855, in connect_check_health
    sock = self.retry.call_with_retry(
        lambda: self._connect(), lambda error: self.disconnect(error)
    )
  File "/mnt/d/code/frappe_dev/my-bench/env/lib/python3.14/site-packages/redis/retry.py", line 116, in call_with_retry
    return do()
  File "/mnt/d/code/frappe_dev/my-bench/env/lib/python3.14/site-packages/redis/connection.py", line 856, in <lambda>
    lambda: self._connect(), lambda error: self.disconnect(error)
            ~~~~~~~~~~~~~^^
  File "/mnt/d/code/frappe_dev/my-bench/env/lib/python3.14/site-packages/redis/connection.py", line 1306, in _connect
    raise err
  File "/mnt/d/code/frappe_dev/my-bench/env/lib/python3.14/site-packages/redis/connection.py", line 1290, in _connect
    sock.connect(socket_address)
    ~~~~~~~~~~~~^^^^^^^^^^^^^^^^
ConnectionRefusedError: [Errno 111] Connection refused

During handling of the above exception, another exception occurred:

Traceback (most recent call last):
  File "/home/wjl/.local/share/uv/python/cpython-3.14.6-linux-x86_64-gnu/lib/python3.14/threading.py", line 1082, in _bootstrap_inner
    self._context.run(self.run)
    ~~~~~~~~~~~~~~~~~^^^^^^^^^^
  File "/mnt/d/code/frappe_dev/my-bench/env/lib/python3.14/site-packages/redis/client.py", line 1350, in run
    self.exception_handler(e, pubsub, self)
    ~~~~~~~~~~~~~~~~~~~~~~^^^^^^^^^^^^^^^^^
  File "/mnt/d/code/frappe_dev/my-bench/env/lib/python3.14/site-packages/redis/client.py", line 1340, in run
    pubsub.get_message(
    ~~~~~~~~~~~~~~~~~~^
        ignore_subscribe_messages=True, timeout=sleep_time
        ^^^^^^^^^^^^^^^^^^^^^^^^^^^^^^^^^^^^^^^^^^^^^^^^^^
    )
    ^
  File "/mnt/d/code/frappe_dev/my-bench/env/lib/python3.14/site-packages/redis/client.py", line 1187, in get_message
    response = self.parse_response(block=(timeout is None), timeout=timeout)
  File "/mnt/d/code/frappe_dev/my-bench/env/lib/python3.14/site-packages/redis/client.py", line 998, in parse_response
    response = self._execute(conn, try_read)
  File "/mnt/d/code/frappe_dev/my-bench/env/lib/python3.14/site-packages/redis/client.py", line 972, in _execute
    response = conn.retry.call_with_retry(
        lambda: command(*args, **kwargs),
        lambda _: self._reconnect(conn),
    )
  File "/mnt/d/code/frappe_dev/my-bench/env/lib/python3.14/site-packages/redis/retry.py", line 121, in call_with_retry
    fail(error)
    ~~~~^^^^^^^
  File "/mnt/d/code/frappe_dev/my-bench/env/lib/python3.14/site-packages/redis/client.py", line 974, in <lambda>
    lambda _: self._reconnect(conn),
              ~~~~~~~~~~~~~~~^^^^^^
  File "/mnt/d/code/frappe_dev/my-bench/env/lib/python3.14/site-packages/redis/client.py", line 958, in _reconnect
    conn.connect()
    ~~~~~~~~~~~~^^
/mnt/d/code/frappe_dev/my-bench/env/lib/python3.14/site-packages/rq/worker.py:1602: DeprecationWarning: This process (pid=3936) is multi-threaded, use of fork() may lead to deadlocks in the child.
  child_pid = os.fork()
/mnt/d/code/frappe_dev/my-bench/env/lib/python3.14/site-packages/rq/worker.py:1602: DeprecationWarning: This process (pid=3936) is multi-threaded, use of fork() may lead to deadlocks in the child.
  child_pid = os.fork()
/mnt/d/code/frappe_dev/my-bench/env/lib/python3.14/site-packages/rq/worker.py:1602: DeprecationWarning: This process (pid=3936) is multi-threaded, use of fork() may lead to deadlocks in the child.
  child_pid = os.fork()
/mnt/d/code/frappe_dev/my-bench/env/lib/python3.14/site-packages/rq/worker.py:1602: DeprecationWarning: This process (pid=3936) is multi-threaded, use of fork() may lead to deadlocks in the child.
  child_pid = os.fork()
/mnt/d/code/frappe_dev/my-bench/env/lib/python3.14/site-packages/rq/worker.py:1602: DeprecationWarning: This process (pid=3936) is multi-threaded, use of fork() may lead to deadlocks in the child.
  child_pid = os.fork()
/mnt/d/code/frappe_dev/my-bench/env/lib/python3.14/site-packages/rq/worker.py:1602: DeprecationWarning: This process (pid=3936) is multi-threaded, use of fork() may lead to deadlocks in the child.
  child_pid = os.fork()
/mnt/d/code/frappe_dev/my-bench/env/lib/python3.14/site-packages/rq/worker.py:1602: DeprecationWarning: This process (pid=3936) is multi-threaded, use of fork() may lead to deadlocks in the child.
  child_pid = os.fork()
/mnt/d/code/frappe_dev/my-bench/env/lib/python3.14/site-packages/rq/worker.py:1602: DeprecationWarning: This process (pid=3936) is multi-threaded, use of fork() may lead to deadlocks in the child.
  child_pid = os.fork()
/mnt/d/code/frappe_dev/my-bench/env/lib/python3.14/site-packages/rq/worker.py:1602: DeprecationWarning: This process (pid=3936) is multi-threaded, use of fork() may lead to deadlocks in the child.
  child_pid = os.fork()
/mnt/d/code/frappe_dev/my-bench/env/lib/python3.14/site-packages/rq/worker.py:1602: DeprecationWarning: This process (pid=3936) is multi-threaded, use of fork() may lead to deadlocks in the child.
  child_pid = os.fork()
/mnt/d/code/frappe_dev/my-bench/env/lib/python3.14/site-packages/rq/worker.py:1602: DeprecationWarning: This process (pid=3936) is multi-threaded, use of fork() may lead to deadlocks in the child.
  child_pid = os.fork()
/mnt/d/code/frappe_dev/my-bench/env/lib/python3.14/site-packages/rq/worker.py:1602: DeprecationWarning: This process (pid=3936) is multi-threaded, use of fork() may lead to deadlocks in the child.
  child_pid = os.fork()
/mnt/d/code/frappe_dev/my-bench/env/lib/python3.14/site-packages/rq/worker.py:1602: DeprecationWarning: This process (pid=3936) is multi-threaded, use of fork() may lead to deadlocks in the child.
  child_pid = os.fork()
/mnt/d/code/frappe_dev/my-bench/env/lib/python3.14/site-packages/rq/worker.py:1602: DeprecationWarning: This process (pid=3936) is multi-threaded, use of fork() may lead to deadlocks in the child.
  child_pid = os.fork()
/mnt/d/code/frappe_dev/my-bench/env/lib/python3.14/site-packages/rq/worker.py:1602: DeprecationWarning: This process (pid=3936) is multi-threaded, use of fork() may lead to deadlocks in the child.
  child_pid = os.fork()
/mnt/d/code/frappe_dev/my-bench/env/lib/python3.14/site-packages/rq/worker.py:1602: DeprecationWarning: This process (pid=3936) is multi-threaded, use of fork() may lead to deadlocks in the child.
  child_pid = os.fork()
/mnt/d/code/frappe_dev/my-bench/env/lib/python3.14/site-packages/rq/worker.py:1602: DeprecationWarning: This process (pid=3936) is multi-threaded, use of fork() may lead to deadlocks in the child.
  child_pid = os.fork()
/mnt/d/code/frappe_dev/my-bench/env/lib/python3.14/site-packages/rq/worker.py:1602: DeprecationWarning: This process (pid=3936) is multi-threaded, use of fork() may lead to deadlocks in the child.
  child_pid = os.fork()
/mnt/d/code/frappe_dev/my-bench/env/lib/python3.14/site-packages/rq/worker.py:1602: DeprecationWarning: This process (pid=3936) is multi-threaded, use of fork() may lead to deadlocks in the child.
  child_pid = os.fork()
/mnt/d/code/frappe_dev/my-bench/env/lib/python3.14/site-packages/rq/worker.py:1602: DeprecationWarning: This process (pid=3936) is multi-threaded, use of fork() may lead to deadlocks in the child.
  child_pid = os.fork()
/mnt/d/code/frappe_dev/my-bench/env/lib/python3.14/site-packages/rq/worker.py:1602: DeprecationWarning: This process (pid=3936) is multi-threaded, use of fork() may lead to deadlocks in the child.
  child_pid = os.fork()
/mnt/d/code/frappe_dev/my-bench/env/lib/python3.14/site-packages/rq/worker.py:1602: DeprecationWarning: This process (pid=3936) is multi-threaded, use of fork() may lead to deadlocks in the child.
  child_pid = os.fork()
/mnt/d/code/frappe_dev/my-bench/env/lib/python3.14/site-packages/rq/worker.py:1602: DeprecationWarning: This process (pid=3936) is multi-threaded, use of fork() may lead to deadlocks in the child.
  child_pid = os.fork()
/mnt/d/code/frappe_dev/my-bench/env/lib/python3.14/site-packages/rq/worker.py:1602: DeprecationWarning: This process (pid=3936) is multi-threaded, use of fork() may lead to deadlocks in the child.
  child_pid = os.fork()
/mnt/d/code/frappe_dev/my-bench/env/lib/python3.14/site-packages/rq/worker.py:1602: DeprecationWarning: This process (pid=3936) is multi-threaded, use of fork() may lead to deadlocks in the child.
  child_pid = os.fork()
/mnt/d/code/frappe_dev/my-bench/env/lib/python3.14/site-packages/rq/worker.py:1602: DeprecationWarning: This process (pid=3936) is multi-threaded, use of fork() may lead to deadlocks in the child.
  child_pid = os.fork()
/mnt/d/code/frappe_dev/my-bench/env/lib/python3.14/site-packages/rq/worker.py:1602: DeprecationWarning: This process (pid=3936) is multi-threaded, use of fork() may lead to deadlocks in the child.
  child_pid = os.fork()
/mnt/d/code/frappe_dev/my-bench/env/lib/python3.14/site-packages/rq/worker.py:1602: DeprecationWarning: This process (pid=3936) is multi-threaded, use of fork() may lead to deadlocks in the child.
  child_pid = os.fork()
/mnt/d/code/frappe_dev/my-bench/env/lib/python3.14/site-packages/rq/worker.py:1602: DeprecationWarning: This process (pid=3936) is multi-threaded, use of fork() may lead to deadlocks in the child.
  child_pid = os.fork()
/mnt/d/code/frappe_dev/my-bench/env/lib/python3.14/site-packages/rq/worker.py:1602: DeprecationWarning: This process (pid=3936) is multi-threaded, use of fork() may lead to deadlocks in the child.
  child_pid = os.fork()
/mnt/d/code/frappe_dev/my-bench/env/lib/python3.14/site-packages/rq/worker.py:1602: DeprecationWarning: This process (pid=3936) is multi-threaded, use of fork() may lead to deadlocks in the child.
  child_pid = os.fork()
/mnt/d/code/frappe_dev/my-bench/env/lib/python3.14/site-packages/rq/worker.py:1602: DeprecationWarning: This process (pid=3936) is multi-threaded, use of fork() may lead to deadlocks in the child.
  child_pid = os.fork()
/mnt/d/code/frappe_dev/my-bench/env/lib/python3.14/site-packages/rq/worker.py:1602: DeprecationWarning: This process (pid=3936) is multi-threaded, use of fork() may lead to deadlocks in the child.
  child_pid = os.fork()
/mnt/d/code/frappe_dev/my-bench/env/lib/python3.14/site-packages/rq/worker.py:1602: DeprecationWarning: This process (pid=3936) is multi-threaded, use of fork() may lead to deadlocks in the child.
  child_pid = os.fork()
/mnt/d/code/frappe_dev/my-bench/env/lib/python3.14/site-packages/rq/worker.py:1602: DeprecationWarning: This process (pid=3936) is multi-threaded, use of fork() may lead to deadlocks in the child.
  child_pid = os.fork()
/mnt/d/code/frappe_dev/my-bench/env/lib/python3.14/site-packages/rq/worker.py:1602: DeprecationWarning: This process (pid=3936) is multi-threaded, use of fork() may lead to deadlocks in the child.
  child_pid = os.fork()
/mnt/d/code/frappe_dev/my-bench/env/lib/python3.14/site-packages/rq/worker.py:1602: DeprecationWarning: This process (pid=3936) is multi-threaded, use of fork() may lead to deadlocks in the child.
  child_pid = os.fork()
/mnt/d/code/frappe_dev/my-bench/env/lib/python3.14/site-packages/rq/worker.py:1602: DeprecationWarning: This process (pid=3936) is multi-threaded, use of fork() may lead to deadlocks in the child.
  child_pid = os.fork()
/mnt/d/code/frappe_dev/my-bench/env/lib/python3.14/site-packages/rq/worker.py:1602: DeprecationWarning: This process (pid=3936) is multi-threaded, use of fork() may lead to deadlocks in the child.
  child_pid = os.fork()
/mnt/d/code/frappe_dev/my-bench/env/lib/python3.14/site-packages/rq/worker.py:1602: DeprecationWarning: This process (pid=3936) is multi-threaded, use of fork() may lead to deadlocks in the child.
  child_pid = os.fork()
/mnt/d/code/frappe_dev/my-bench/env/lib/python3.14/site-packages/rq/worker.py:1602: DeprecationWarning: This process (pid=3936) is multi-threaded, use of fork() may lead to deadlocks in the child.
  child_pid = os.fork()
/mnt/d/code/frappe_dev/my-bench/env/lib/python3.14/site-packages/rq/worker.py:1602: DeprecationWarning: This process (pid=3936) is multi-threaded, use of fork() may lead to deadlocks in the child.
  child_pid = os.fork()
/mnt/d/code/frappe_dev/my-bench/env/lib/python3.14/site-packages/rq/worker.py:1602: DeprecationWarning: This process (pid=3936) is multi-threaded, use of fork() may lead to deadlocks in the child.
  child_pid = os.fork()
/mnt/d/code/frappe_dev/my-bench/env/lib/python3.14/site-packages/rq/worker.py:1602: DeprecationWarning: This process (pid=3936) is multi-threaded, use of fork() may lead to deadlocks in the child.
  child_pid = os.fork()
/mnt/d/code/frappe_dev/my-bench/env/lib/python3.14/site-packages/rq/worker.py:1602: DeprecationWarning: This process (pid=3936) is multi-threaded, use of fork() may lead to deadlocks in the child.
  child_pid = os.fork()
/mnt/d/code/frappe_dev/my-bench/env/lib/python3.14/site-packages/rq/worker.py:1602: DeprecationWarning: This process (pid=3936) is multi-threaded, use of fork() may lead to deadlocks in the child.
  child_pid = os.fork()
/mnt/d/code/frappe_dev/my-bench/env/lib/python3.14/site-packages/rq/worker.py:1602: DeprecationWarning: This process (pid=3936) is multi-threaded, use of fork() may lead to deadlocks in the child.
  child_pid = os.fork()
/mnt/d/code/frappe_dev/my-bench/env/lib/python3.14/site-packages/rq/worker.py:1602: DeprecationWarning: This process (pid=3936) is multi-threaded, use of fork() may lead to deadlocks in the child.
  child_pid = os.fork()
/mnt/d/code/frappe_dev/my-bench/env/lib/python3.14/site-packages/rq/worker.py:1602: DeprecationWarning: This process (pid=3936) is multi-threaded, use of fork() may lead to deadlocks in the child.
  child_pid = os.fork()
/mnt/d/code/frappe_dev/my-bench/env/lib/python3.14/site-packages/rq/worker.py:1602: DeprecationWarning: This process (pid=3936) is multi-threaded, use of fork() may lead to deadlocks in the child.
  child_pid = os.fork()
/mnt/d/code/frappe_dev/my-bench/env/lib/python3.14/site-packages/rq/worker.py:1602: DeprecationWarning: This process (pid=3936) is multi-threaded, use of fork() may lead to deadlocks in the child.
  child_pid = os.fork()
/mnt/d/code/frappe_dev/my-bench/env/lib/python3.14/site-packages/rq/worker.py:1602: DeprecationWarning: This process (pid=3936) is multi-threaded, use of fork() may lead to deadlocks in the child.
  child_pid = os.fork()
/mnt/d/code/frappe_dev/my-bench/env/lib/python3.14/site-packages/rq/worker.py:1602: DeprecationWarning: This process (pid=3936) is multi-threaded, use of fork() may lead to deadlocks in the child.
  child_pid = os.fork()
/mnt/d/code/frappe_dev/my-bench/env/lib/python3.14/site-packages/rq/worker.py:1602: DeprecationWarning: This process (pid=3936) is multi-threaded, use of fork() may lead to deadlocks in the child.
  child_pid = os.fork()
/mnt/d/code/frappe_dev/my-bench/env/lib/python3.14/site-packages/rq/worker.py:1602: DeprecationWarning: This process (pid=3936) is multi-threaded, use of fork() may lead to deadlocks in the child.
  child_pid = os.fork()
/mnt/d/code/frappe_dev/my-bench/env/lib/python3.14/site-packages/rq/worker.py:1602: DeprecationWarning: This process (pid=3936) is multi-threaded, use of fork() may lead to deadlocks in the child.
  child_pid = os.fork()
/mnt/d/code/frappe_dev/my-bench/env/lib/python3.14/site-packages/rq/worker.py:1602: DeprecationWarning: This process (pid=3936) is multi-threaded, use of fork() may lead to deadlocks in the child.
  child_pid = os.fork()
/mnt/d/code/frappe_dev/my-bench/env/lib/python3.14/site-packages/rq/worker.py:1602: DeprecationWarning: This process (pid=3936) is multi-threaded, use of fork() may lead to deadlocks in the child.
  child_pid = os.fork()
/mnt/d/code/frappe_dev/my-bench/env/lib/python3.14/site-packages/rq/worker.py:1602: DeprecationWarning: This process (pid=3936) is multi-threaded, use of fork() may lead to deadlocks in the child.
  child_pid = os.fork()
/mnt/d/code/frappe_dev/my-bench/env/lib/python3.14/site-packages/rq/worker.py:1602: DeprecationWarning: This process (pid=3936) is multi-threaded, use of fork() may lead to deadlocks in the child.
  child_pid = os.fork()
/mnt/d/code/frappe_dev/my-bench/env/lib/python3.14/site-packages/rq/worker.py:1602: DeprecationWarning: This process (pid=3936) is multi-threaded, use of fork() may lead to deadlocks in the child.
  child_pid = os.fork()
/mnt/d/code/frappe_dev/my-bench/env/lib/python3.14/site-packages/rq/worker.py:1602: DeprecationWarning: This process (pid=3936) is multi-threaded, use of fork() may lead to deadlocks in the child.
  child_pid = os.fork()
/mnt/d/code/frappe_dev/my-bench/env/lib/python3.14/site-packages/rq/worker.py:1602: DeprecationWarning: This process (pid=3936) is multi-threaded, use of fork() may lead to deadlocks in the child.
  child_pid = os.fork()
/mnt/d/code/frappe_dev/my-bench/env/lib/python3.14/site-packages/rq/worker.py:1602: DeprecationWarning: This process (pid=3936) is multi-threaded, use of fork() may lead to deadlocks in the child.
  child_pid = os.fork()
/mnt/d/code/frappe_dev/my-bench/env/lib/python3.14/site-packages/rq/worker.py:1602: DeprecationWarning: This process (pid=3936) is multi-threaded, use of fork() may lead to deadlocks in the child.
  child_pid = os.fork()
/mnt/d/code/frappe_dev/my-bench/env/lib/python3.14/site-packages/rq/worker.py:1602: DeprecationWarning: This process (pid=3936) is multi-threaded, use of fork() may lead to deadlocks in the child.
  child_pid = os.fork()
/mnt/d/code/frappe_dev/my-bench/env/lib/python3.14/site-packages/rq/worker.py:1602: DeprecationWarning: This process (pid=3936) is multi-threaded, use of fork() may lead to deadlocks in the child.
  child_pid = os.fork()
/mnt/d/code/frappe_dev/my-bench/env/lib/python3.14/site-packages/rq/worker.py:1602: DeprecationWarning: This process (pid=3936) is multi-threaded, use of fork() may lead to deadlocks in the child.
  child_pid = os.fork()
/mnt/d/code/frappe_dev/my-bench/env/lib/python3.14/site-packages/rq/worker.py:1602: DeprecationWarning: This process (pid=3936) is multi-threaded, use of fork() may lead to deadlocks in the child.
  child_pid = os.fork()
/mnt/d/code/frappe_dev/my-bench/env/lib/python3.14/site-packages/rq/worker.py:1602: DeprecationWarning: This process (pid=3936) is multi-threaded, use of fork() may lead to deadlocks in the child.
  child_pid = os.fork()
/mnt/d/code/frappe_dev/my-bench/env/lib/python3.14/site-packages/rq/worker.py:1602: DeprecationWarning: This process (pid=3936) is multi-threaded, use of fork() may lead to deadlocks in the child.
  child_pid = os.fork()
/mnt/d/code/frappe_dev/my-bench/env/lib/python3.14/site-packages/rq/worker.py:1602: DeprecationWarning: This process (pid=3936) is multi-threaded, use of fork() may lead to deadlocks in the child.
  child_pid = os.fork()
/mnt/d/code/frappe_dev/my-bench/env/lib/python3.14/site-packages/rq/worker.py:1602: DeprecationWarning: This process (pid=3936) is multi-threaded, use of fork() may lead to deadlocks in the child.
  child_pid = os.fork()
/mnt/d/code/frappe_dev/my-bench/env/lib/python3.14/site-packages/rq/worker.py:1602: DeprecationWarning: This process (pid=3936) is multi-threaded, use of fork() may lead to deadlocks in the child.
  child_pid = os.fork()
/mnt/d/code/frappe_dev/my-bench/env/lib/python3.14/site-packages/rq/worker.py:1602: DeprecationWarning: This process (pid=3936) is multi-threaded, use of fork() may lead to deadlocks in the child.
  child_pid = os.fork()
/mnt/d/code/frappe_dev/my-bench/env/lib/python3.14/site-packages/rq/worker.py:1602: DeprecationWarning: This process (pid=3936) is multi-threaded, use of fork() may lead to deadlocks in the child.
  child_pid = os.fork()
/mnt/d/code/frappe_dev/my-bench/env/lib/python3.14/site-packages/rq/worker.py:1602: DeprecationWarning: This process (pid=3936) is multi-threaded, use of fork() may lead to deadlocks in the child.
  child_pid = os.fork()
/mnt/d/code/frappe_dev/my-bench/env/lib/python3.14/site-packages/rq/worker.py:1602: DeprecationWarning: This process (pid=3936) is multi-threaded, use of fork() may lead to deadlocks in the child.
  child_pid = os.fork()
/mnt/d/code/frappe_dev/my-bench/env/lib/python3.14/site-packages/rq/worker.py:1602: DeprecationWarning: This process (pid=3936) is multi-threaded, use of fork() may lead to deadlocks in the child.
  child_pid = os.fork()
/mnt/d/code/frappe_dev/my-bench/env/lib/python3.14/site-packages/rq/worker.py:1602: DeprecationWarning: This process (pid=3936) is multi-threaded, use of fork() may lead to deadlocks in the child.
  child_pid = os.fork()
/mnt/d/code/frappe_dev/my-bench/env/lib/python3.14/site-packages/rq/worker.py:1602: DeprecationWarning: This process (pid=3936) is multi-threaded, use of fork() may lead to deadlocks in the child.
  child_pid = os.fork()
/mnt/d/code/frappe_dev/my-bench/env/lib/python3.14/site-packages/rq/worker.py:1602: DeprecationWarning: This process (pid=3936) is multi-threaded, use of fork() may lead to deadlocks in the child.
  child_pid = os.fork()
/mnt/d/code/frappe_dev/my-bench/env/lib/python3.14/site-packages/rq/worker.py:1602: DeprecationWarning: This process (pid=3936) is multi-threaded, use of fork() may lead to deadlocks in the child.
  child_pid = os.fork()
/mnt/d/code/frappe_dev/my-bench/env/lib/python3.14/site-packages/rq/worker.py:1602: DeprecationWarning: This process (pid=3936) is multi-threaded, use of fork() may lead to deadlocks in the child.
  child_pid = os.fork()
/mnt/d/code/frappe_dev/my-bench/env/lib/python3.14/site-packages/rq/worker.py:1602: DeprecationWarning: This process (pid=3936) is multi-threaded, use of fork() may lead to deadlocks in the child.
  child_pid = os.fork()
/mnt/d/code/frappe_dev/my-bench/env/lib/python3.14/site-packages/rq/worker.py:1602: DeprecationWarning: This process (pid=3936) is multi-threaded, use of fork() may lead to deadlocks in the child.
  child_pid = os.fork()
/mnt/d/code/frappe_dev/my-bench/env/lib/python3.14/site-packages/rq/worker.py:1602: DeprecationWarning: This process (pid=3936) is multi-threaded, use of fork() may lead to deadlocks in the child.
  child_pid = os.fork()
/mnt/d/code/frappe_dev/my-bench/env/lib/python3.14/site-packages/rq/worker.py:1602: DeprecationWarning: This process (pid=3936) is multi-threaded, use of fork() may lead to deadlocks in the child.
  child_pid = os.fork()
/mnt/d/code/frappe_dev/my-bench/env/lib/python3.14/site-packages/rq/worker.py:1602: DeprecationWarning: This process (pid=3936) is multi-threaded, use of fork() may lead to deadlocks in the child.
  child_pid = os.fork()
/mnt/d/code/frappe_dev/my-bench/env/lib/python3.14/site-packages/rq/worker.py:1602: DeprecationWarning: This process (pid=3936) is multi-threaded, use of fork() may lead to deadlocks in the child.
  child_pid = os.fork()
/mnt/d/code/frappe_dev/my-bench/env/lib/python3.14/site-packages/rq/worker.py:1602: DeprecationWarning: This process (pid=3936) is multi-threaded, use of fork() may lead to deadlocks in the child.
  child_pid = os.fork()
/mnt/d/code/frappe_dev/my-bench/env/lib/python3.14/site-packages/rq/worker.py:1602: DeprecationWarning: This process (pid=3936) is multi-threaded, use of fork() may lead to deadlocks in the child.
  child_pid = os.fork()
/mnt/d/code/frappe_dev/my-bench/env/lib/python3.14/site-packages/rq/worker.py:1602: DeprecationWarning: This process (pid=3936) is multi-threaded, use of fork() may lead to deadlocks in the child.
  child_pid = os.fork()
/mnt/d/code/frappe_dev/my-bench/env/lib/python3.14/site-packages/rq/worker.py:1602: DeprecationWarning: This process (pid=3936) is multi-threaded, use of fork() may lead to deadlocks in the child.
  child_pid = os.fork()
/mnt/d/code/frappe_dev/my-bench/env/lib/python3.14/site-packages/rq/worker.py:1602: DeprecationWarning: This process (pid=3936) is multi-threaded, use of fork() may lead to deadlocks in the child.
  child_pid = os.fork()
/mnt/d/code/frappe_dev/my-bench/env/lib/python3.14/site-packages/rq/worker.py:1602: DeprecationWarning: This process (pid=3936) is multi-threaded, use of fork() may lead to deadlocks in the child.
  child_pid = os.fork()
/mnt/d/code/frappe_dev/my-bench/env/lib/python3.14/site-packages/rq/worker.py:1602: DeprecationWarning: This process (pid=3936) is multi-threaded, use of fork() may lead to deadlocks in the child.
  child_pid = os.fork()
/mnt/d/code/frappe_dev/my-bench/env/lib/python3.14/site-packages/rq/worker.py:1602: DeprecationWarning: This process (pid=3936) is multi-threaded, use of fork() may lead to deadlocks in the child.
  child_pid = os.fork()
/mnt/d/code/frappe_dev/my-bench/env/lib/python3.14/site-packages/rq/worker.py:1602: DeprecationWarning: This process (pid=3936) is multi-threaded, use of fork() may lead to deadlocks in the child.
  child_pid = os.fork()
/mnt/d/code/frappe_dev/my-bench/env/lib/python3.14/site-packages/rq/worker.py:1602: DeprecationWarning: This process (pid=3936) is multi-threaded, use of fork() may lead to deadlocks in the child.
  child_pid = os.fork()
/mnt/d/code/frappe_dev/my-bench/env/lib/python3.14/site-packages/rq/worker.py:1602: DeprecationWarning: This process (pid=3936) is multi-threaded, use of fork() may lead to deadlocks in the child.
  child_pid = os.fork()
/mnt/d/code/frappe_dev/my-bench/env/lib/python3.14/site-packages/rq/worker.py:1602: DeprecationWarning: This process (pid=3936) is multi-threaded, use of fork() may lead to deadlocks in the child.
  child_pid = os.fork()
/mnt/d/code/frappe_dev/my-bench/env/lib/python3.14/site-packages/rq/worker.py:1602: DeprecationWarning: This process (pid=3936) is multi-threaded, use of fork() may lead to deadlocks in the child.
  child_pid = os.fork()
/mnt/d/code/frappe_dev/my-bench/env/lib/python3.14/site-packages/rq/worker.py:1602: DeprecationWarning: This process (pid=3936) is multi-threaded, use of fork() may lead to deadlocks in the child.
  child_pid = os.fork()
/mnt/d/code/frappe_dev/my-bench/env/lib/python3.14/site-packages/rq/worker.py:1602: DeprecationWarning: This process (pid=3936) is multi-threaded, use of fork() may lead to deadlocks in the child.
  child_pid = os.fork()
/mnt/d/code/frappe_dev/my-bench/env/lib/python3.14/site-packages/rq/worker.py:1602: DeprecationWarning: This process (pid=3936) is multi-threaded, use of fork() may lead to deadlocks in the child.
  child_pid = os.fork()
/mnt/d/code/frappe_dev/my-bench/env/lib/python3.14/site-packages/rq/worker.py:1602: DeprecationWarning: This process (pid=3936) is multi-threaded, use of fork() may lead to deadlocks in the child.
  child_pid = os.fork()
/mnt/d/code/frappe_dev/my-bench/env/lib/python3.14/site-packages/rq/worker.py:1602: DeprecationWarning: This process (pid=3936) is multi-threaded, use of fork() may lead to deadlocks in the child.
  child_pid = os.fork()
/mnt/d/code/frappe_dev/my-bench/env/lib/python3.14/site-packages/rq/worker.py:1602: DeprecationWarning: This process (pid=3936) is multi-threaded, use of fork() may lead to deadlocks in the child.
  child_pid = os.fork()
/mnt/d/code/frappe_dev/my-bench/env/lib/python3.14/site-packages/rq/worker.py:1602: DeprecationWarning: This process (pid=3936) is multi-threaded, use of fork() may lead to deadlocks in the child.
  child_pid = os.fork()
/mnt/d/code/frappe_dev/my-bench/env/lib/python3.14/site-packages/rq/worker.py:1602: DeprecationWarning: This process (pid=3936) is multi-threaded, use of fork() may lead to deadlocks in the child.
  child_pid = os.fork()
/mnt/d/code/frappe_dev/my-bench/env/lib/python3.14/site-packages/rq/worker.py:1602: DeprecationWarning: This process (pid=3936) is multi-threaded, use of fork() may lead to deadlocks in the child.
  child_pid = os.fork()
/mnt/d/code/frappe_dev/my-bench/env/lib/python3.14/site-packages/rq/worker.py:1602: DeprecationWarning: This process (pid=3936) is multi-threaded, use of fork() may lead to deadlocks in the child.
  child_pid = os.fork()
/mnt/d/code/frappe_dev/my-bench/env/lib/python3.14/site-packages/rq/worker.py:1602: DeprecationWarning: This process (pid=3936) is multi-threaded, use of fork() may lead to deadlocks in the child.
  child_pid = os.fork()
/mnt/d/code/frappe_dev/my-bench/env/lib/python3.14/site-packages/rq/worker.py:1602: DeprecationWarning: This process (pid=3936) is multi-threaded, use of fork() may lead to deadlocks in the child.
  child_pid = os.fork()
/mnt/d/code/frappe_dev/my-bench/env/lib/python3.14/site-packages/rq/worker.py:1602: DeprecationWarning: This process (pid=3936) is multi-threaded, use of fork() may lead to deadlocks in the child.
  child_pid = os.fork()
/mnt/d/code/frappe_dev/my-bench/env/lib/python3.14/site-packages/rq/worker.py:1602: DeprecationWarning: This process (pid=3936) is multi-threaded, use of fork() may lead to deadlocks in the child.
  child_pid = os.fork()
/mnt/d/code/frappe_dev/my-bench/env/lib/python3.14/site-packages/rq/worker.py:1602: DeprecationWarning: This process (pid=3936) is multi-threaded, use of fork() may lead to deadlocks in the child.
  child_pid = os.fork()
/mnt/d/code/frappe_dev/my-bench/env/lib/python3.14/site-packages/rq/worker.py:1602: DeprecationWarning: This process (pid=3936) is multi-threaded, use of fork() may lead to deadlocks in the child.
  child_pid = os.fork()
/mnt/d/code/frappe_dev/my-bench/env/lib/python3.14/site-packages/rq/worker.py:1602: DeprecationWarning: This process (pid=3936) is multi-threaded, use of fork() may lead to deadlocks in the child.
  child_pid = os.fork()
/mnt/d/code/frappe_dev/my-bench/env/lib/python3.14/site-packages/rq/worker.py:1602: DeprecationWarning: This process (pid=3936) is multi-threaded, use of fork() may lead to deadlocks in the child.
  child_pid = os.fork()
/mnt/d/code/frappe_dev/my-bench/env/lib/python3.14/site-packages/rq/worker.py:1602: DeprecationWarning: This process (pid=3936) is multi-threaded, use of fork() may lead to deadlocks in the child.
  child_pid = os.fork()
/mnt/d/code/frappe_dev/my-bench/env/lib/python3.14/site-packages/rq/worker.py:1602: DeprecationWarning: This process (pid=3936) is multi-threaded, use of fork() may lead to deadlocks in the child.
  child_pid = os.fork()
/mnt/d/code/frappe_dev/my-bench/env/lib/python3.14/site-packages/rq/worker.py:1602: DeprecationWarning: This process (pid=3936) is multi-threaded, use of fork() may lead to deadlocks in the child.
  child_pid = os.fork()
/mnt/d/code/frappe_dev/my-bench/env/lib/python3.14/site-packages/rq/worker.py:1602: DeprecationWarning: This process (pid=3936) is multi-threaded, use of fork() may lead to deadlocks in the child.
  child_pid = os.fork()
/mnt/d/code/frappe_dev/my-bench/env/lib/python3.14/site-packages/rq/worker.py:1602: DeprecationWarning: This process (pid=3936) is multi-threaded, use of fork() may lead to deadlocks in the child.
  child_pid = os.fork()
/mnt/d/code/frappe_dev/my-bench/env/lib/python3.14/site-packages/rq/worker.py:1602: DeprecationWarning: This process (pid=3936) is multi-threaded, use of fork() may lead to deadlocks in the child.
  child_pid = os.fork()
/mnt/d/code/frappe_dev/my-bench/env/lib/python3.14/site-packages/rq/worker.py:1602: DeprecationWarning: This process (pid=3936) is multi-threaded, use of fork() may lead to deadlocks in the child.
  child_pid = os.fork()
/mnt/d/code/frappe_dev/my-bench/env/lib/python3.14/site-packages/rq/worker.py:1602: DeprecationWarning: This process (pid=3936) is multi-threaded, use of fork() may lead to deadlocks in the child.
  child_pid = os.fork()
/mnt/d/code/frappe_dev/my-bench/env/lib/python3.14/site-packages/rq/worker.py:1602: DeprecationWarning: This process (pid=3936) is multi-threaded, use of fork() may lead to deadlocks in the child.
  child_pid = os.fork()
/mnt/d/code/frappe_dev/my-bench/env/lib/python3.14/site-packages/rq/worker.py:1602: DeprecationWarning: This process (pid=3936) is multi-threaded, use of fork() may lead to deadlocks in the child.
  child_pid = os.fork()
/mnt/d/code/frappe_dev/my-bench/env/lib/python3.14/site-packages/rq/worker.py:1602: DeprecationWarning: This process (pid=3936) is multi-threaded, use of fork() may lead to deadlocks in the child.
  child_pid = os.fork()
/mnt/d/code/frappe_dev/my-bench/env/lib/python3.14/site-packages/rq/worker.py:1602: DeprecationWarning: This process (pid=3936) is multi-threaded, use of fork() may lead to deadlocks in the child.
  child_pid = os.fork()
/mnt/d/code/frappe_dev/my-bench/env/lib/python3.14/site-packages/rq/worker.py:1602: DeprecationWarning: This process (pid=3936) is multi-threaded, use of fork() may lead to deadlocks in the child.
  child_pid = os.fork()
/mnt/d/code/frappe_dev/my-bench/env/lib/python3.14/site-packages/rq/worker.py:1602: DeprecationWarning: This process (pid=3936) is multi-threaded, use of fork() may lead to deadlocks in the child.
  child_pid = os.fork()
/mnt/d/code/frappe_dev/my-bench/env/lib/python3.14/site-packages/rq/worker.py:1602: DeprecationWarning: This process (pid=3936) is multi-threaded, use of fork() may lead to deadlocks in the child.
  child_pid = os.fork()
/mnt/d/code/frappe_dev/my-bench/env/lib/python3.14/site-packages/rq/worker.py:1602: DeprecationWarning: This process (pid=3936) is multi-threaded, use of fork() may lead to deadlocks in the child.
  child_pid = os.fork()
/mnt/d/code/frappe_dev/my-bench/env/lib/python3.14/site-packages/rq/worker.py:1602: DeprecationWarning: This process (pid=3936) is multi-threaded, use of fork() may lead to deadlocks in the child.
  child_pid = os.fork()
/mnt/d/code/frappe_dev/my-bench/env/lib/python3.14/site-packages/rq/worker.py:1602: DeprecationWarning: This process (pid=3936) is multi-threaded, use of fork() may lead to deadlocks in the child.
  child_pid = os.fork()
/mnt/d/code/frappe_dev/my-bench/env/lib/python3.14/site-packages/rq/worker.py:1602: DeprecationWarning: This process (pid=3936) is multi-threaded, use of fork() may lead to deadlocks in the child.
  child_pid = os.fork()
/mnt/d/code/frappe_dev/my-bench/env/lib/python3.14/site-packages/rq/worker.py:1602: DeprecationWarning: This process (pid=3936) is multi-threaded, use of fork() may lead to deadlocks in the child.
  child_pid = os.fork()
/mnt/d/code/frappe_dev/my-bench/env/lib/python3.14/site-packages/rq/worker.py:1602: DeprecationWarning: This process (pid=3936) is multi-threaded, use of fork() may lead to deadlocks in the child.
  child_pid = os.fork()
/mnt/d/code/frappe_dev/my-bench/env/lib/python3.14/site-packages/rq/worker.py:1602: DeprecationWarning: This process (pid=3936) is multi-threaded, use of fork() may lead to deadlocks in the child.
  child_pid = os.fork()
/mnt/d/code/frappe_dev/my-bench/env/lib/python3.14/site-packages/rq/worker.py:1602: DeprecationWarning: This process (pid=3936) is multi-threaded, use of fork() may lead to deadlocks in the child.
  child_pid = os.fork()
/mnt/d/code/frappe_dev/my-bench/env/lib/python3.14/site-packages/rq/worker.py:1602: DeprecationWarning: This process (pid=3936) is multi-threaded, use of fork() may lead to deadlocks in the child.
  child_pid = os.fork()
/mnt/d/code/frappe_dev/my-bench/env/lib/python3.14/site-packages/rq/worker.py:1602: DeprecationWarning: This process (pid=3936) is multi-threaded, use of fork() may lead to deadlocks in the child.
  child_pid = os.fork()
/mnt/d/code/frappe_dev/my-bench/env/lib/python3.14/site-packages/rq/worker.py:1602: DeprecationWarning: This process (pid=3936) is multi-threaded, use of fork() may lead to deadlocks in the child.
  child_pid = os.fork()
/mnt/d/code/frappe_dev/my-bench/env/lib/python3.14/site-packages/rq/worker.py:1602: DeprecationWarning: This process (pid=3936) is multi-threaded, use of fork() may lead to deadlocks in the child.
  child_pid = os.fork()
/mnt/d/code/frappe_dev/my-bench/env/lib/python3.14/site-packages/rq/worker.py:1602: DeprecationWarning: This process (pid=3936) is multi-threaded, use of fork() may lead to deadlocks in the child.
  child_pid = os.fork()
/mnt/d/code/frappe_dev/my-bench/env/lib/python3.14/site-packages/rq/worker.py:1602: DeprecationWarning: This process (pid=3936) is multi-threaded, use of fork() may lead to deadlocks in the child.
  child_pid = os.fork()
/mnt/d/code/frappe_dev/my-bench/env/lib/python3.14/site-packages/rq/worker.py:1602: DeprecationWarning: This process (pid=3936) is multi-threaded, use of fork() may lead to deadlocks in the child.
  child_pid = os.fork()
/mnt/d/code/frappe_dev/my-bench/env/lib/python3.14/site-packages/rq/worker.py:1602: DeprecationWarning: This process (pid=3936) is multi-threaded, use of fork() may lead to deadlocks in the child.
  child_pid = os.fork()
/mnt/d/code/frappe_dev/my-bench/env/lib/python3.14/site-packages/rq/worker.py:1602: DeprecationWarning: This process (pid=3936) is multi-threaded, use of fork() may lead to deadlocks in the child.
  child_pid = os.fork()
/mnt/d/code/frappe_dev/my-bench/env/lib/python3.14/site-packages/rq/worker.py:1602: DeprecationWarning: This process (pid=3936) is multi-threaded, use of fork() may lead to deadlocks in the child.
  child_pid = os.fork()
/mnt/d/code/frappe_dev/my-bench/env/lib/python3.14/site-packages/rq/worker.py:1602: DeprecationWarning: This process (pid=3936) is multi-threaded, use of fork() may lead to deadlocks in the child.
  child_pid = os.fork()
/mnt/d/code/frappe_dev/my-bench/env/lib/python3.14/site-packages/rq/worker.py:1602: DeprecationWarning: This process (pid=3936) is multi-threaded, use of fork() may lead to deadlocks in the child.
  child_pid = os.fork()
/mnt/d/code/frappe_dev/my-bench/env/lib/python3.14/site-packages/rq/worker.py:1602: DeprecationWarning: This process (pid=3936) is multi-threaded, use of fork() may lead to deadlocks in the child.
  child_pid = os.fork()
/mnt/d/code/frappe_dev/my-bench/env/lib/python3.14/site-packages/rq/worker.py:1602: DeprecationWarning: This process (pid=3936) is multi-threaded, use of fork() may lead to deadlocks in the child.
  child_pid = os.fork()
/mnt/d/code/frappe_dev/my-bench/env/lib/python3.14/site-packages/rq/worker.py:1602: DeprecationWarning: This process (pid=3936) is multi-threaded, use of fork() may lead to deadlocks in the child.
  child_pid = os.fork()
/mnt/d/code/frappe_dev/my-bench/env/lib/python3.14/site-packages/rq/worker.py:1602: DeprecationWarning: This process (pid=3936) is multi-threaded, use of fork() may lead to deadlocks in the child.
  child_pid = os.fork()
/mnt/d/code/frappe_dev/my-bench/env/lib/python3.14/site-packages/rq/worker.py:1602: DeprecationWarning: This process (pid=3936) is multi-threaded, use of fork() may lead to deadlocks in the child.
  child_pid = os.fork()
/mnt/d/code/frappe_dev/my-bench/env/lib/python3.14/site-packages/rq/worker.py:1602: DeprecationWarning: This process (pid=3936) is multi-threaded, use of fork() may lead to deadlocks in the child.
  child_pid = os.fork()
/mnt/d/code/frappe_dev/my-bench/env/lib/python3.14/site-packages/rq/worker.py:1602: DeprecationWarning: This process (pid=3936) is multi-threaded, use of fork() may lead to deadlocks in the child.
  child_pid = os.fork()
/mnt/d/code/frappe_dev/my-bench/env/lib/python3.14/site-packages/rq/worker.py:1602: DeprecationWarning: This process (pid=3936) is multi-threaded, use of fork() may lead to deadlocks in the child.
  child_pid = os.fork()
/mnt/d/code/frappe_dev/my-bench/env/lib/python3.14/site-packages/rq/worker.py:1602: DeprecationWarning: This process (pid=3936) is multi-threaded, use of fork() may lead to deadlocks in the child.
  child_pid = os.fork()
/mnt/d/code/frappe_dev/my-bench/env/lib/python3.14/site-packages/rq/worker.py:1602: DeprecationWarning: This process (pid=3936) is multi-threaded, use of fork() may lead to deadlocks in the child.
  child_pid = os.fork()
/mnt/d/code/frappe_dev/my-bench/env/lib/python3.14/site-packages/rq/worker.py:1602: DeprecationWarning: This process (pid=3936) is multi-threaded, use of fork() may lead to deadlocks in the child.
  child_pid = os.fork()
/mnt/d/code/frappe_dev/my-bench/env/lib/python3.14/site-packages/rq/worker.py:1602: DeprecationWarning: This process (pid=3936) is multi-threaded, use of fork() may lead to deadlocks in the child.
  child_pid = os.fork()
/mnt/d/code/frappe_dev/my-bench/env/lib/python3.14/site-packages/rq/worker.py:1602: DeprecationWarning: This process (pid=3936) is multi-threaded, use of fork() may lead to deadlocks in the child.
  child_pid = os.fork()
/mnt/d/code/frappe_dev/my-bench/env/lib/python3.14/site-packages/rq/worker.py:1602: DeprecationWarning: This process (pid=3936) is multi-threaded, use of fork() may lead to deadlocks in the child.
  child_pid = os.fork()
/mnt/d/code/frappe_dev/my-bench/env/lib/python3.14/site-packages/rq/worker.py:1602: DeprecationWarning: This process (pid=3936) is multi-threaded, use of fork() may lead to deadlocks in the child.
  child_pid = os.fork()
/mnt/d/code/frappe_dev/my-bench/env/lib/python3.14/site-packages/rq/worker.py:1602: DeprecationWarning: This process (pid=3936) is multi-threaded, use of fork() may lead to deadlocks in the child.
  child_pid = os.fork()
/mnt/d/code/frappe_dev/my-bench/env/lib/python3.14/site-packages/rq/worker.py:1602: DeprecationWarning: This process (pid=3936) is multi-threaded, use of fork() may lead to deadlocks in the child.
  child_pid = os.fork()
/mnt/d/code/frappe_dev/my-bench/env/lib/python3.14/site-packages/rq/worker.py:1602: DeprecationWarning: This process (pid=3936) is multi-threaded, use of fork() may lead to deadlocks in the child.
  child_pid = os.fork()
/mnt/d/code/frappe_dev/my-bench/env/lib/python3.14/site-packages/rq/worker.py:1602: DeprecationWarning: This process (pid=3936) is multi-threaded, use of fork() may lead to deadlocks in the child.
  child_pid = os.fork()
/mnt/d/code/frappe_dev/my-bench/env/lib/python3.14/site-packages/rq/worker.py:1602: DeprecationWarning: This process (pid=3936) is multi-threaded, use of fork() may lead to deadlocks in the child.
  child_pid = os.fork()
/mnt/d/code/frappe_dev/my-bench/env/lib/python3.14/site-packages/rq/worker.py:1602: DeprecationWarning: This process (pid=3936) is multi-threaded, use of fork() may lead to deadlocks in the child.
  child_pid = os.fork()
/mnt/d/code/frappe_dev/my-bench/env/lib/python3.14/site-packages/rq/worker.py:1602: DeprecationWarning: This process (pid=3936) is multi-threaded, use of fork() may lead to deadlocks in the child.
  child_pid = os.fork()
/mnt/d/code/frappe_dev/my-bench/env/lib/python3.14/site-packages/rq/worker.py:1602: DeprecationWarning: This process (pid=3936) is multi-threaded, use of fork() may lead to deadlocks in the child.
  child_pid = os.fork()
/mnt/d/code/frappe_dev/my-bench/env/lib/python3.14/site-packages/rq/worker.py:1602: DeprecationWarning: This process (pid=3936) is multi-threaded, use of fork() may lead to deadlocks in the child.
  child_pid = os.fork()
/mnt/d/code/frappe_dev/my-bench/env/lib/python3.14/site-packages/rq/worker.py:1602: DeprecationWarning: This process (pid=3936) is multi-threaded, use of fork() may lead to deadlocks in the child.
  child_pid = os.fork()
/mnt/d/code/frappe_dev/my-bench/env/lib/python3.14/site-packages/rq/worker.py:1602: DeprecationWarning: This process (pid=3936) is multi-threaded, use of fork() may lead to deadlocks in the child.
  child_pid = os.fork()
/mnt/d/code/frappe_dev/my-bench/env/lib/python3.14/site-packages/rq/worker.py:1602: DeprecationWarning: This process (pid=3936) is multi-threaded, use of fork() may lead to deadlocks in the child.
  child_pid = os.fork()
/mnt/d/code/frappe_dev/my-bench/env/lib/python3.14/site-packages/rq/worker.py:1602: DeprecationWarning: This process (pid=3936) is multi-threaded, use of fork() may lead to deadlocks in the child.
  child_pid = os.fork()
/mnt/d/code/frappe_dev/my-bench/env/lib/python3.14/site-packages/rq/worker.py:1602: DeprecationWarning: This process (pid=3936) is multi-threaded, use of fork() may lead to deadlocks in the child.
  child_pid = os.fork()
/mnt/d/code/frappe_dev/my-bench/env/lib/python3.14/site-packages/rq/worker.py:1602: DeprecationWarning: This process (pid=3936) is multi-threaded, use of fork() may lead to deadlocks in the child.
  child_pid = os.fork()
/mnt/d/code/frappe_dev/my-bench/env/lib/python3.14/site-packages/rq/worker.py:1602: DeprecationWarning: This process (pid=3936) is multi-threaded, use of fork() may lead to deadlocks in the child.
  child_pid = os.fork()
/mnt/d/code/frappe_dev/my-bench/env/lib/python3.14/site-packages/rq/worker.py:1602: DeprecationWarning: This process (pid=3936) is multi-threaded, use of fork() may lead to deadlocks in the child.
  child_pid = os.fork()
/mnt/d/code/frappe_dev/my-bench/env/lib/python3.14/site-packages/rq/worker.py:1602: DeprecationWarning: This process (pid=3936) is multi-threaded, use of fork() may lead to deadlocks in the child.
  child_pid = os.fork()
/mnt/d/code/frappe_dev/my-bench/env/lib/python3.14/site-packages/rq/worker.py:1602: DeprecationWarning: This process (pid=3936) is multi-threaded, use of fork() may lead to deadlocks in the child.
  child_pid = os.fork()
/mnt/d/code/frappe_dev/my-bench/env/lib/python3.14/site-packages/rq/worker.py:1602: DeprecationWarning: This process (pid=3936) is multi-threaded, use of fork() may lead to deadlocks in the child.
  child_pid = os.fork()
/mnt/d/code/frappe_dev/my-bench/env/lib/python3.14/site-packages/rq/worker.py:1602: DeprecationWarning: This process (pid=3936) is multi-threaded, use of fork() may lead to deadlocks in the child.
  child_pid = os.fork()
/mnt/d/code/frappe_dev/my-bench/env/lib/python3.14/site-packages/rq/worker.py:1602: DeprecationWarning: This process (pid=3936) is multi-threaded, use of fork() may lead to deadlocks in the child.
  child_pid = os.fork()
/mnt/d/code/frappe_dev/my-bench/env/lib/python3.14/site-packages/rq/worker.py:1602: DeprecationWarning: This process (pid=3936) is multi-threaded, use of fork() may lead to deadlocks in the child.
  child_pid = os.fork()
/mnt/d/code/frappe_dev/my-bench/env/lib/python3.14/site-packages/rq/worker.py:1602: DeprecationWarning: This process (pid=3936) is multi-threaded, use of fork() may lead to deadlocks in the child.
  child_pid = os.fork()
/mnt/d/code/frappe_dev/my-bench/env/lib/python3.14/site-packages/rq/worker.py:1602: DeprecationWarning: This process (pid=3936) is multi-threaded, use of fork() may lead to deadlocks in the child.
  child_pid = os.fork()
/mnt/d/code/frappe_dev/my-bench/env/lib/python3.14/site-packages/rq/worker.py:1602: DeprecationWarning: This process (pid=3936) is multi-threaded, use of fork() may lead to deadlocks in the child.
  child_pid = os.fork()
/mnt/d/code/frappe_dev/my-bench/env/lib/python3.14/site-packages/rq/worker.py:1602: DeprecationWarning: This process (pid=3936) is multi-threaded, use of fork() may lead to deadlocks in the child.
  child_pid = os.fork()
/mnt/d/code/frappe_dev/my-bench/env/lib/python3.14/site-packages/rq/worker.py:1602: DeprecationWarning: This process (pid=3936) is multi-threaded, use of fork() may lead to deadlocks in the child.
  child_pid = os.fork()
/mnt/d/code/frappe_dev/my-bench/env/lib/python3.14/site-packages/rq/worker.py:1602: DeprecationWarning: This process (pid=3936) is multi-threaded, use of fork() may lead to deadlocks in the child.
  child_pid = os.fork()
/mnt/d/code/frappe_dev/my-bench/env/lib/python3.14/site-packages/rq/worker.py:1602: DeprecationWarning: This process (pid=3936) is multi-threaded, use of fork() may lead to deadlocks in the child.
  child_pid = os.fork()
/mnt/d/code/frappe_dev/my-bench/env/lib/python3.14/site-packages/rq/worker.py:1602: DeprecationWarning: This process (pid=3936) is multi-threaded, use of fork() may lead to deadlocks in the child.
  child_pid = os.fork()
/mnt/d/code/frappe_dev/my-bench/env/lib/python3.14/site-packages/rq/worker.py:1602: DeprecationWarning: This process (pid=3936) is multi-threaded, use of fork() may lead to deadlocks in the child.
  child_pid = os.fork()
/mnt/d/code/frappe_dev/my-bench/env/lib/python3.14/site-packages/rq/worker.py:1602: DeprecationWarning: This process (pid=3936) is multi-threaded, use of fork() may lead to deadlocks in the child.
  child_pid = os.fork()
/mnt/d/code/frappe_dev/my-bench/env/lib/python3.14/site-packages/rq/worker.py:1602: DeprecationWarning: This process (pid=3936) is multi-threaded, use of fork() may lead to deadlocks in the child.
  child_pid = os.fork()
/mnt/d/code/frappe_dev/my-bench/env/lib/python3.14/site-packages/rq/worker.py:1602: DeprecationWarning: This process (pid=3936) is multi-threaded, use of fork() may lead to deadlocks in the child.
  child_pid = os.fork()
/mnt/d/code/frappe_dev/my-bench/env/lib/python3.14/site-packages/rq/worker.py:1602: DeprecationWarning: This process (pid=3936) is multi-threaded, use of fork() may lead to deadlocks in the child.
  child_pid = os.fork()
/mnt/d/code/frappe_dev/my-bench/env/lib/python3.14/site-packages/rq/worker.py:1602: DeprecationWarning: This process (pid=3936) is multi-threaded, use of fork() may lead to deadlocks in the child.
  child_pid = os.fork()
/mnt/d/code/frappe_dev/my-bench/env/lib/python3.14/site-packages/rq/worker.py:1602: DeprecationWarning: This process (pid=3936) is multi-threaded, use of fork() may lead to deadlocks in the child.
  child_pid = os.fork()
/mnt/d/code/frappe_dev/my-bench/env/lib/python3.14/site-packages/rq/worker.py:1602: DeprecationWarning: This process (pid=3936) is multi-threaded, use of fork() may lead to deadlocks in the child.
  child_pid = os.fork()
/mnt/d/code/frappe_dev/my-bench/env/lib/python3.14/site-packages/rq/worker.py:1602: DeprecationWarning: This process (pid=3936) is multi-threaded, use of fork() may lead to deadlocks in the child.
  child_pid = os.fork()
/mnt/d/code/frappe_dev/my-bench/env/lib/python3.14/site-packages/rq/worker.py:1602: DeprecationWarning: This process (pid=3936) is multi-threaded, use of fork() may lead to deadlocks in the child.
  child_pid = os.fork()
/mnt/d/code/frappe_dev/my-bench/env/lib/python3.14/site-packages/rq/worker.py:1602: DeprecationWarning: This process (pid=3936) is multi-threaded, use of fork() may lead to deadlocks in the child.
  child_pid = os.fork()
/mnt/d/code/frappe_dev/my-bench/env/lib/python3.14/site-packages/rq/worker.py:1602: DeprecationWarning: This process (pid=3936) is multi-threaded, use of fork() may lead to deadlocks in the child.
  child_pid = os.fork()
/mnt/d/code/frappe_dev/my-bench/env/lib/python3.14/site-packages/rq/worker.py:1602: DeprecationWarning: This process (pid=3936) is multi-threaded, use of fork() may lead to deadlocks in the child.
  child_pid = os.fork()
/mnt/d/code/frappe_dev/my-bench/env/lib/python3.14/site-packages/rq/worker.py:1602: DeprecationWarning: This process (pid=3936) is multi-threaded, use of fork() may lead to deadlocks in the child.
  child_pid = os.fork()
/mnt/d/code/frappe_dev/my-bench/env/lib/python3.14/site-packages/rq/worker.py:1602: DeprecationWarning: This process (pid=3936) is multi-threaded, use of fork() may lead to deadlocks in the child.
  child_pid = os.fork()
/mnt/d/code/frappe_dev/my-bench/env/lib/python3.14/site-packages/rq/worker.py:1602: DeprecationWarning: This process (pid=3936) is multi-threaded, use of fork() may lead to deadlocks in the child.
  child_pid = os.fork()
/mnt/d/code/frappe_dev/my-bench/env/lib/python3.14/site-packages/rq/worker.py:1602: DeprecationWarning: This process (pid=3936) is multi-threaded, use of fork() may lead to deadlocks in the child.
  child_pid = os.fork()
/mnt/d/code/frappe_dev/my-bench/env/lib/python3.14/site-packages/rq/worker.py:1602: DeprecationWarning: This process (pid=3936) is multi-threaded, use of fork() may lead to deadlocks in the child.
  child_pid = os.fork()
/mnt/d/code/frappe_dev/my-bench/env/lib/python3.14/site-packages/rq/worker.py:1602: DeprecationWarning: This process (pid=3936) is multi-threaded, use of fork() may lead to deadlocks in the child.
  child_pid = os.fork()
/mnt/d/code/frappe_dev/my-bench/env/lib/python3.14/site-packages/rq/worker.py:1602: DeprecationWarning: This process (pid=3936) is multi-threaded, use of fork() may lead to deadlocks in the child.
  child_pid = os.fork()
/mnt/d/code/frappe_dev/my-bench/env/lib/python3.14/site-packages/rq/worker.py:1602: DeprecationWarning: This process (pid=3936) is multi-threaded, use of fork() may lead to deadlocks in the child.
  child_pid = os.fork()
/mnt/d/code/frappe_dev/my-bench/env/lib/python3.14/site-packages/rq/worker.py:1602: DeprecationWarning: This process (pid=3936) is multi-threaded, use of fork() may lead to deadlocks in the child.
  child_pid = os.fork()
/mnt/d/code/frappe_dev/my-bench/env/lib/python3.14/site-packages/rq/worker.py:1602: DeprecationWarning: This process (pid=3936) is multi-threaded, use of fork() may lead to deadlocks in the child.
  child_pid = os.fork()
/mnt/d/code/frappe_dev/my-bench/env/lib/python3.14/site-packages/rq/worker.py:1602: DeprecationWarning: This process (pid=3936) is multi-threaded, use of fork() may lead to deadlocks in the child.
  child_pid = os.fork()
/mnt/d/code/frappe_dev/my-bench/env/lib/python3.14/site-packages/rq/worker.py:1602: DeprecationWarning: This process (pid=3936) is multi-threaded, use of fork() may lead to deadlocks in the child.
  child_pid = os.fork()
/mnt/d/code/frappe_dev/my-bench/env/lib/python3.14/site-packages/rq/worker.py:1602: DeprecationWarning: This process (pid=3936) is multi-threaded, use of fork() may lead to deadlocks in the child.
  child_pid = os.fork()
/mnt/d/code/frappe_dev/my-bench/env/lib/python3.14/site-packages/rq/worker.py:1602: DeprecationWarning: This process (pid=3936) is multi-threaded, use of fork() may lead to deadlocks in the child.
  child_pid = os.fork()
/mnt/d/code/frappe_dev/my-bench/env/lib/python3.14/site-packages/rq/worker.py:1602: DeprecationWarning: This process (pid=3936) is multi-threaded, use of fork() may lead to deadlocks in the child.
  child_pid = os.fork()
/mnt/d/code/frappe_dev/my-bench/env/lib/python3.14/site-packages/rq/worker.py:1602: DeprecationWarning: This process (pid=3936) is multi-threaded, use of fork() may lead to deadlocks in the child.
  child_pid = os.fork()
/mnt/d/code/frappe_dev/my-bench/env/lib/python3.14/site-packages/rq/worker.py:1602: DeprecationWarning: This process (pid=3936) is multi-threaded, use of fork() may lead to deadlocks in the child.
  child_pid = os.fork()
/mnt/d/code/frappe_dev/my-bench/env/lib/python3.14/site-packages/rq/worker.py:1602: DeprecationWarning: This process (pid=3936) is multi-threaded, use of fork() may lead to deadlocks in the child.
  child_pid = os.fork()
/mnt/d/code/frappe_dev/my-bench/env/lib/python3.14/site-packages/rq/worker.py:1602: DeprecationWarning: This process (pid=3936) is multi-threaded, use of fork() may lead to deadlocks in the child.
  child_pid = os.fork()
/mnt/d/code/frappe_dev/my-bench/env/lib/python3.14/site-packages/rq/worker.py:1602: DeprecationWarning: This process (pid=3936) is multi-threaded, use of fork() may lead to deadlocks in the child.
  child_pid = os.fork()
/mnt/d/code/frappe_dev/my-bench/env/lib/python3.14/site-packages/rq/worker.py:1602: DeprecationWarning: This process (pid=3936) is multi-threaded, use of fork() may lead to deadlocks in the child.
  child_pid = os.fork()
/mnt/d/code/frappe_dev/my-bench/env/lib/python3.14/site-packages/rq/worker.py:1602: DeprecationWarning: This process (pid=3936) is multi-threaded, use of fork() may lead to deadlocks in the child.
  child_pid = os.fork()
/mnt/d/code/frappe_dev/my-bench/env/lib/python3.14/site-packages/rq/worker.py:1602: DeprecationWarning: This process (pid=3936) is multi-threaded, use of fork() may lead to deadlocks in the child.
  child_pid = os.fork()
/mnt/d/code/frappe_dev/my-bench/env/lib/python3.14/site-packages/rq/worker.py:1602: DeprecationWarning: This process (pid=3936) is multi-threaded, use of fork() may lead to deadlocks in the child.
  child_pid = os.fork()
/mnt/d/code/frappe_dev/my-bench/env/lib/python3.14/site-packages/rq/worker.py:1602: DeprecationWarning: This process (pid=3936) is multi-threaded, use of fork() may lead to deadlocks in the child.
  child_pid = os.fork()
/mnt/d/code/frappe_dev/my-bench/env/lib/python3.14/site-packages/rq/worker.py:1602: DeprecationWarning: This process (pid=3936) is multi-threaded, use of fork() may lead to deadlocks in the child.
  child_pid = os.fork()
/mnt/d/code/frappe_dev/my-bench/env/lib/python3.14/site-packages/rq/worker.py:1602: DeprecationWarning: This process (pid=3936) is multi-threaded, use of fork() may lead to deadlocks in the child.
  child_pid = os.fork()
/mnt/d/code/frappe_dev/my-bench/env/lib/python3.14/site-packages/rq/worker.py:1602: DeprecationWarning: This process (pid=3936) is multi-threaded, use of fork() may lead to deadlocks in the child.
  child_pid = os.fork()
/mnt/d/code/frappe_dev/my-bench/env/lib/python3.14/site-packages/rq/worker.py:1602: DeprecationWarning: This process (pid=3936) is multi-threaded, use of fork() may lead to deadlocks in the child.
  child_pid = os.fork()
/mnt/d/code/frappe_dev/my-bench/env/lib/python3.14/site-packages/rq/worker.py:1602: DeprecationWarning: This process (pid=3936) is multi-threaded, use of fork() may lead to deadlocks in the child.
  child_pid = os.fork()
/mnt/d/code/frappe_dev/my-bench/env/lib/python3.14/site-packages/rq/worker.py:1602: DeprecationWarning: This process (pid=3936) is multi-threaded, use of fork() may lead to deadlocks in the child.
  child_pid = os.fork()
/mnt/d/code/frappe_dev/my-bench/env/lib/python3.14/site-packages/rq/worker.py:1602: DeprecationWarning: This process (pid=3936) is multi-threaded, use of fork() may lead to deadlocks in the child.
  child_pid = os.fork()
/mnt/d/code/frappe_dev/my-bench/env/lib/python3.14/site-packages/rq/worker.py:1602: DeprecationWarning: This process (pid=3936) is multi-threaded, use of fork() may lead to deadlocks in the child.
  child_pid = os.fork()
/mnt/d/code/frappe_dev/my-bench/env/lib/python3.14/site-packages/rq/worker.py:1602: DeprecationWarning: This process (pid=3936) is multi-threaded, use of fork() may lead to deadlocks in the child.
  child_pid = os.fork()
/mnt/d/code/frappe_dev/my-bench/env/lib/python3.14/site-packages/rq/worker.py:1602: DeprecationWarning: This process (pid=3936) is multi-threaded, use of fork() may lead to deadlocks in the child.
  child_pid = os.fork()
/mnt/d/code/frappe_dev/my-bench/env/lib/python3.14/site-packages/rq/worker.py:1602: DeprecationWarning: This process (pid=3936) is multi-threaded, use of fork() may lead to deadlocks in the child.
  child_pid = os.fork()
/mnt/d/code/frappe_dev/my-bench/env/lib/python3.14/site-packages/rq/worker.py:1602: DeprecationWarning: This process (pid=3936) is multi-threaded, use of fork() may lead to deadlocks in the child.
  child_pid = os.fork()
/mnt/d/code/frappe_dev/my-bench/env/lib/python3.14/site-packages/rq/worker.py:1602: DeprecationWarning: This process (pid=3936) is multi-threaded, use of fork() may lead to deadlocks in the child.
  child_pid = os.fork()
/mnt/d/code/frappe_dev/my-bench/env/lib/python3.14/site-packages/rq/worker.py:1602: DeprecationWarning: This process (pid=3936) is multi-threaded, use of fork() may lead to deadlocks in the child.
  child_pid = os.fork()
/mnt/d/code/frappe_dev/my-bench/env/lib/python3.14/site-packages/rq/worker.py:1602: DeprecationWarning: This process (pid=3936) is multi-threaded, use of fork() may lead to deadlocks in the child.
  child_pid = os.fork()
/mnt/d/code/frappe_dev/my-bench/env/lib/python3.14/site-packages/rq/worker.py:1602: DeprecationWarning: This process (pid=3936) is multi-threaded, use of fork() may lead to deadlocks in the child.
  child_pid = os.fork()
/mnt/d/code/frappe_dev/my-bench/env/lib/python3.14/site-packages/rq/worker.py:1602: DeprecationWarning: This process (pid=3936) is multi-threaded, use of fork() may lead to deadlocks in the child.
  child_pid = os.fork()
/mnt/d/code/frappe_dev/my-bench/env/lib/python3.14/site-packages/rq/worker.py:1602: DeprecationWarning: This process (pid=3936) is multi-threaded, use of fork() may lead to deadlocks in the child.
  child_pid = os.fork()
/mnt/d/code/frappe_dev/my-bench/env/lib/python3.14/site-packages/rq/worker.py:1602: DeprecationWarning: This process (pid=3936) is multi-threaded, use of fork() may lead to deadlocks in the child.
  child_pid = os.fork()
/mnt/d/code/frappe_dev/my-bench/env/lib/python3.14/site-packages/rq/worker.py:1602: DeprecationWarning: This process (pid=3936) is multi-threaded, use of fork() may lead to deadlocks in the child.
  child_pid = os.fork()
/mnt/d/code/frappe_dev/my-bench/env/lib/python3.14/site-packages/rq/worker.py:1602: DeprecationWarning: This process (pid=3936) is multi-threaded, use of fork() may lead to deadlocks in the child.
  child_pid = os.fork()
/mnt/d/code/frappe_dev/my-bench/env/lib/python3.14/site-packages/rq/worker.py:1602: DeprecationWarning: This process (pid=3936) is multi-threaded, use of fork() may lead to deadlocks in the child.
  child_pid = os.fork()
/mnt/d/code/frappe_dev/my-bench/env/lib/python3.14/site-packages/rq/worker.py:1602: DeprecationWarning: This process (pid=3936) is multi-threaded, use of fork() may lead to deadlocks in the child.
  child_pid = os.fork()
/mnt/d/code/frappe_dev/my-bench/env/lib/python3.14/site-packages/rq/worker.py:1602: DeprecationWarning: This process (pid=3936) is multi-threaded, use of fork() may lead to deadlocks in the child.
  child_pid = os.fork()
/mnt/d/code/frappe_dev/my-bench/env/lib/python3.14/site-packages/rq/worker.py:1602: DeprecationWarning: This process (pid=3936) is multi-threaded, use of fork() may lead to deadlocks in the child.
  child_pid = os.fork()
/mnt/d/code/frappe_dev/my-bench/env/lib/python3.14/site-packages/rq/worker.py:1602: DeprecationWarning: This process (pid=3936) is multi-threaded, use of fork() may lead to deadlocks in the child.
  child_pid = os.fork()
/mnt/d/code/frappe_dev/my-bench/env/lib/python3.14/site-packages/rq/worker.py:1602: DeprecationWarning: This process (pid=3936) is multi-threaded, use of fork() may lead to deadlocks in the child.
  child_pid = os.fork()
/mnt/d/code/frappe_dev/my-bench/env/lib/python3.14/site-packages/rq/worker.py:1602: DeprecationWarning: This process (pid=3936) is multi-threaded, use of fork() may lead to deadlocks in the child.
  child_pid = os.fork()
/mnt/d/code/frappe_dev/my-bench/env/lib/python3.14/site-packages/rq/worker.py:1602: DeprecationWarning: This process (pid=3936) is multi-threaded, use of fork() may lead to deadlocks in the child.
  child_pid = os.fork()
/mnt/d/code/frappe_dev/my-bench/env/lib/python3.14/site-packages/rq/worker.py:1602: DeprecationWarning: This process (pid=3936) is multi-threaded, use of fork() may lead to deadlocks in the child.
  child_pid = os.fork()
/mnt/d/code/frappe_dev/my-bench/env/lib/python3.14/site-packages/rq/worker.py:1602: DeprecationWarning: This process (pid=3936) is multi-threaded, use of fork() may lead to deadlocks in the child.
  child_pid = os.fork()
/mnt/d/code/frappe_dev/my-bench/env/lib/python3.14/site-packages/rq/worker.py:1602: DeprecationWarning: This process (pid=3936) is multi-threaded, use of fork() may lead to deadlocks in the child.
  child_pid = os.fork()
/mnt/d/code/frappe_dev/my-bench/env/lib/python3.14/site-packages/rq/worker.py:1602: DeprecationWarning: This process (pid=3936) is multi-threaded, use of fork() may lead to deadlocks in the child.
  child_pid = os.fork()
/mnt/d/code/frappe_dev/my-bench/env/lib/python3.14/site-packages/rq/worker.py:1602: DeprecationWarning: This process (pid=3936) is multi-threaded, use of fork() may lead to deadlocks in the child.
  child_pid = os.fork()
/mnt/d/code/frappe_dev/my-bench/env/lib/python3.14/site-packages/rq/worker.py:1602: DeprecationWarning: This process (pid=3936) is multi-threaded, use of fork() may lead to deadlocks in the child.
  child_pid = os.fork()
/mnt/d/code/frappe_dev/my-bench/env/lib/python3.14/site-packages/rq/worker.py:1602: DeprecationWarning: This process (pid=3936) is multi-threaded, use of fork() may lead to deadlocks in the child.
  child_pid = os.fork()
/mnt/d/code/frappe_dev/my-bench/env/lib/python3.14/site-packages/rq/worker.py:1602: DeprecationWarning: This process (pid=3936) is multi-threaded, use of fork() may lead to deadlocks in the child.
  child_pid = os.fork()
/mnt/d/code/frappe_dev/my-bench/env/lib/python3.14/site-packages/rq/worker.py:1602: DeprecationWarning: This process (pid=3936) is multi-threaded, use of fork() may lead to deadlocks in the child.
  child_pid = os.fork()
/mnt/d/code/frappe_dev/my-bench/env/lib/python3.14/site-packages/rq/worker.py:1602: DeprecationWarning: This process (pid=3936) is multi-threaded, use of fork() may lead to deadlocks in the child.
  child_pid = os.fork()
/mnt/d/code/frappe_dev/my-bench/env/lib/python3.14/site-packages/rq/worker.py:1602: DeprecationWarning: This process (pid=3936) is multi-threaded, use of fork() may lead to deadlocks in the child.
  child_pid = os.fork()
/mnt/d/code/frappe_dev/my-bench/env/lib/python3.14/site-packages/rq/worker.py:1602: DeprecationWarning: This process (pid=3936) is multi-threaded, use of fork() may lead to deadlocks in the child.
  child_pid = os.fork()
/mnt/d/code/frappe_dev/my-bench/env/lib/python3.14/site-packages/rq/worker.py:1602: DeprecationWarning: This process (pid=3936) is multi-threaded, use of fork() may lead to deadlocks in the child.
  child_pid = os.fork()
/mnt/d/code/frappe_dev/my-bench/env/lib/python3.14/site-packages/rq/worker.py:1602: DeprecationWarning: This process (pid=3936) is multi-threaded, use of fork() may lead to deadlocks in the child.
  child_pid = os.fork()
/mnt/d/code/frappe_dev/my-bench/env/lib/python3.14/site-packages/rq/worker.py:1602: DeprecationWarning: This process (pid=3936) is multi-threaded, use of fork() may lead to deadlocks in the child.
  child_pid = os.fork()
/mnt/d/code/frappe_dev/my-bench/env/lib/python3.14/site-packages/rq/worker.py:1602: DeprecationWarning: This process (pid=3936) is multi-threaded, use of fork() may lead to deadlocks in the child.
  child_pid = os.fork()
/mnt/d/code/frappe_dev/my-bench/env/lib/python3.14/site-packages/rq/worker.py:1602: DeprecationWarning: This process (pid=3936) is multi-threaded, use of fork() may lead to deadlocks in the child.
  child_pid = os.fork()
/mnt/d/code/frappe_dev/my-bench/env/lib/python3.14/site-packages/rq/worker.py:1602: DeprecationWarning: This process (pid=3936) is multi-threaded, use of fork() may lead to deadlocks in the child.
  child_pid = os.fork()
/mnt/d/code/frappe_dev/my-bench/env/lib/python3.14/site-packages/rq/worker.py:1602: DeprecationWarning: This process (pid=3936) is multi-threaded, use of fork() may lead to deadlocks in the child.
  child_pid = os.fork()
/mnt/d/code/frappe_dev/my-bench/env/lib/python3.14/site-packages/rq/worker.py:1602: DeprecationWarning: This process (pid=3936) is multi-threaded, use of fork() may lead to deadlocks in the child.
  child_pid = os.fork()
/mnt/d/code/frappe_dev/my-bench/env/lib/python3.14/site-packages/rq/worker.py:1602: DeprecationWarning: This process (pid=3936) is multi-threaded, use of fork() may lead to deadlocks in the child.
  child_pid = os.fork()
/mnt/d/code/frappe_dev/my-bench/env/lib/python3.14/site-packages/rq/worker.py:1602: DeprecationWarning: This process (pid=3936) is multi-threaded, use of fork() may lead to deadlocks in the child.
  child_pid = os.fork()
/mnt/d/code/frappe_dev/my-bench/env/lib/python3.14/site-packages/rq/worker.py:1602: DeprecationWarning: This process (pid=3936) is multi-threaded, use of fork() may lead to deadlocks in the child.
  child_pid = os.fork()
/mnt/d/code/frappe_dev/my-bench/env/lib/python3.14/site-packages/rq/worker.py:1602: DeprecationWarning: This process (pid=3936) is multi-threaded, use of fork() may lead to deadlocks in the child.
  child_pid = os.fork()
/mnt/d/code/frappe_dev/my-bench/env/lib/python3.14/site-packages/rq/worker.py:1602: DeprecationWarning: This process (pid=3936) is multi-threaded, use of fork() may lead to deadlocks in the child.
  child_pid = os.fork()
/mnt/d/code/frappe_dev/my-bench/env/lib/python3.14/site-packages/rq/worker.py:1602: DeprecationWarning: This process (pid=3936) is multi-threaded, use of fork() may lead to deadlocks in the child.
  child_pid = os.fork()
/mnt/d/code/frappe_dev/my-bench/env/lib/python3.14/site-packages/rq/worker.py:1602: DeprecationWarning: This process (pid=3936) is multi-threaded, use of fork() may lead to deadlocks in the child.
  child_pid = os.fork()
/mnt/d/code/frappe_dev/my-bench/env/lib/python3.14/site-packages/rq/worker.py:1602: DeprecationWarning: This process (pid=3936) is multi-threaded, use of fork() may lead to deadlocks in the child.
  child_pid = os.fork()
/mnt/d/code/frappe_dev/my-bench/env/lib/python3.14/site-packages/rq/worker.py:1602: DeprecationWarning: This process (pid=3936) is multi-threaded, use of fork() may lead to deadlocks in the child.
  child_pid = os.fork()
/mnt/d/code/frappe_dev/my-bench/env/lib/python3.14/site-packages/rq/worker.py:1602: DeprecationWarning: This process (pid=3936) is multi-threaded, use of fork() may lead to deadlocks in the child.
  child_pid = os.fork()
/mnt/d/code/frappe_dev/my-bench/env/lib/python3.14/site-packages/rq/worker.py:1602: DeprecationWarning: This process (pid=3936) is multi-threaded, use of fork() may lead to deadlocks in the child.
  child_pid = os.fork()
/mnt/d/code/frappe_dev/my-bench/env/lib/python3.14/site-packages/rq/worker.py:1602: DeprecationWarning: This process (pid=3936) is multi-threaded, use of fork() may lead to deadlocks in the child.
  child_pid = os.fork()
/mnt/d/code/frappe_dev/my-bench/env/lib/python3.14/site-packages/rq/worker.py:1602: DeprecationWarning: This process (pid=3936) is multi-threaded, use of fork() may lead to deadlocks in the child.
  child_pid = os.fork()
/mnt/d/code/frappe_dev/my-bench/env/lib/python3.14/site-packages/rq/worker.py:1602: DeprecationWarning: This process (pid=3936) is multi-threaded, use of fork() may lead to deadlocks in the child.
  child_pid = os.fork()
/mnt/d/code/frappe_dev/my-bench/env/lib/python3.14/site-packages/rq/worker.py:1602: DeprecationWarning: This process (pid=3936) is multi-threaded, use of fork() may lead to deadlocks in the child.
  child_pid = os.fork()
/mnt/d/code/frappe_dev/my-bench/env/lib/python3.14/site-packages/rq/worker.py:1602: DeprecationWarning: This process (pid=3936) is multi-threaded, use of fork() may lead to deadlocks in the child.
  child_pid = os.fork()
/mnt/d/code/frappe_dev/my-bench/env/lib/python3.14/site-packages/rq/worker.py:1602: DeprecationWarning: This process (pid=3936) is multi-threaded, use of fork() may lead to deadlocks in the child.
  child_pid = os.fork()
/mnt/d/code/frappe_dev/my-bench/env/lib/python3.14/site-packages/rq/worker.py:1602: DeprecationWarning: This process (pid=3936) is multi-threaded, use of fork() may lead to deadlocks in the child.
  child_pid = os.fork()
/mnt/d/code/frappe_dev/my-bench/env/lib/python3.14/site-packages/rq/worker.py:1602: DeprecationWarning: This process (pid=3936) is multi-threaded, use of fork() may lead to deadlocks in the child.
  child_pid = os.fork()
/mnt/d/code/frappe_dev/my-bench/env/lib/python3.14/site-packages/rq/worker.py:1602: DeprecationWarning: This process (pid=3936) is multi-threaded, use of fork() may lead to deadlocks in the child.
  child_pid = os.fork()
/mnt/d/code/frappe_dev/my-bench/env/lib/python3.14/site-packages/rq/worker.py:1602: DeprecationWarning: This process (pid=3936) is multi-threaded, use of fork() may lead to deadlocks in the child.
  child_pid = os.fork()
/mnt/d/code/frappe_dev/my-bench/env/lib/python3.14/site-packages/rq/worker.py:1602: DeprecationWarning: This process (pid=3936) is multi-threaded, use of fork() may lead to deadlocks in the child.
  child_pid = os.fork()
/mnt/d/code/frappe_dev/my-bench/env/lib/python3.14/site-packages/rq/worker.py:1602: DeprecationWarning: This process (pid=3936) is multi-threaded, use of fork() may lead to deadlocks in the child.
  child_pid = os.fork()
/mnt/d/code/frappe_dev/my-bench/env/lib/python3.14/site-packages/rq/worker.py:1602: DeprecationWarning: This process (pid=3936) is multi-threaded, use of fork() may lead to deadlocks in the child.
  child_pid = os.fork()
/mnt/d/code/frappe_dev/my-bench/env/lib/python3.14/site-packages/rq/worker.py:1602: DeprecationWarning: This process (pid=3936) is multi-threaded, use of fork() may lead to deadlocks in the child.
  child_pid = os.fork()
/mnt/d/code/frappe_dev/my-bench/env/lib/python3.14/site-packages/rq/worker.py:1602: DeprecationWarning: This process (pid=3936) is multi-threaded, use of fork() may lead to deadlocks in the child.
  child_pid = os.fork()
/mnt/d/code/frappe_dev/my-bench/env/lib/python3.14/site-packages/rq/worker.py:1602: DeprecationWarning: This process (pid=3936) is multi-threaded, use of fork() may lead to deadlocks in the child.
  child_pid = os.fork()
/mnt/d/code/frappe_dev/my-bench/env/lib/python3.14/site-packages/rq/worker.py:1602: DeprecationWarning: This process (pid=3936) is multi-threaded, use of fork() may lead to deadlocks in the child.
  child_pid = os.fork()
/mnt/d/code/frappe_dev/my-bench/env/lib/python3.14/site-packages/rq/worker.py:1602: DeprecationWarning: This process (pid=3936) is multi-threaded, use of fork() may lead to deadlocks in the child.
  child_pid = os.fork()
/mnt/d/code/frappe_dev/my-bench/env/lib/python3.14/site-packages/rq/worker.py:1602: DeprecationWarning: This process (pid=3936) is multi-threaded, use of fork() may lead to deadlocks in the child.
  child_pid = os.fork()
/mnt/d/code/frappe_dev/my-bench/env/lib/python3.14/site-packages/rq/worker.py:1602: DeprecationWarning: This process (pid=3936) is multi-threaded, use of fork() may lead to deadlocks in the child.
  child_pid = os.fork()
/mnt/d/code/frappe_dev/my-bench/env/lib/python3.14/site-packages/rq/worker.py:1602: DeprecationWarning: This process (pid=3936) is multi-threaded, use of fork() may lead to deadlocks in the child.
  child_pid = os.fork()
/mnt/d/code/frappe_dev/my-bench/env/lib/python3.14/site-packages/rq/worker.py:1602: DeprecationWarning: This process (pid=3936) is multi-threaded, use of fork() may lead to deadlocks in the child.
  child_pid = os.fork()
/mnt/d/code/frappe_dev/my-bench/env/lib/python3.14/site-packages/rq/worker.py:1602: DeprecationWarning: This process (pid=3936) is multi-threaded, use of fork() may lead to deadlocks in the child.
  child_pid = os.fork()
/mnt/d/code/frappe_dev/my-bench/env/lib/python3.14/site-packages/rq/worker.py:1602: DeprecationWarning: This process (pid=3936) is multi-threaded, use of fork() may lead to deadlocks in the child.
  child_pid = os.fork()
/mnt/d/code/frappe_dev/my-bench/env/lib/python3.14/site-packages/rq/worker.py:1602: DeprecationWarning: This process (pid=3936) is multi-threaded, use of fork() may lead to deadlocks in the child.
  child_pid = os.fork()
/mnt/d/code/frappe_dev/my-bench/env/lib/python3.14/site-packages/rq/worker.py:1602: DeprecationWarning: This process (pid=3936) is multi-threaded, use of fork() may lead to deadlocks in the child.
  child_pid = os.fork()
/mnt/d/code/frappe_dev/my-bench/env/lib/python3.14/site-packages/rq/worker.py:1602: DeprecationWarning: This process (pid=3936) is multi-threaded, use of fork() may lead to deadlocks in the child.
  child_pid = os.fork()
/mnt/d/code/frappe_dev/my-bench/env/lib/python3.14/site-packages/rq/worker.py:1602: DeprecationWarning: This process (pid=3936) is multi-threaded, use of fork() may lead to deadlocks in the child.
  child_pid = os.fork()
/mnt/d/code/frappe_dev/my-bench/env/lib/python3.14/site-packages/rq/worker.py:1602: DeprecationWarning: This process (pid=3936) is multi-threaded, use of fork() may lead to deadlocks in the child.
  child_pid = os.fork()
/mnt/d/code/frappe_dev/my-bench/env/lib/python3.14/site-packages/rq/worker.py:1602: DeprecationWarning: This process (pid=3936) is multi-threaded, use of fork() may lead to deadlocks in the child.
  child_pid = os.fork()
/mnt/d/code/frappe_dev/my-bench/env/lib/python3.14/site-packages/rq/worker.py:1602: DeprecationWarning: This process (pid=3936) is multi-threaded, use of fork() may lead to deadlocks in the child.
  child_pid = os.fork()
/mnt/d/code/frappe_dev/my-bench/env/lib/python3.14/site-packages/rq/worker.py:1602: DeprecationWarning: This process (pid=3936) is multi-threaded, use of fork() may lead to deadlocks in the child.
  child_pid = os.fork()
/mnt/d/code/frappe_dev/my-bench/env/lib/python3.14/site-packages/rq/worker.py:1602: DeprecationWarning: This process (pid=3936) is multi-threaded, use of fork() may lead to deadlocks in the child.
  child_pid = os.fork()
/mnt/d/code/frappe_dev/my-bench/env/lib/python3.14/site-packages/rq/worker.py:1602: DeprecationWarning: This process (pid=3936) is multi-threaded, use of fork() may lead to deadlocks in the child.
  child_pid = os.fork()
/mnt/d/code/frappe_dev/my-bench/env/lib/python3.14/site-packages/rq/worker.py:1602: DeprecationWarning: This process (pid=3936) is multi-threaded, use of fork() may lead to deadlocks in the child.
  child_pid = os.fork()
/mnt/d/code/frappe_dev/my-bench/env/lib/python3.14/site-packages/rq/worker.py:1602: DeprecationWarning: This process (pid=3936) is multi-threaded, use of fork() may lead to deadlocks in the child.
  child_pid = os.fork()
/mnt/d/code/frappe_dev/my-bench/env/lib/python3.14/site-packages/rq/worker.py:1602: DeprecationWarning: This process (pid=3936) is multi-threaded, use of fork() may lead to deadlocks in the child.
  child_pid = os.fork()
/mnt/d/code/frappe_dev/my-bench/env/lib/python3.14/site-packages/rq/worker.py:1602: DeprecationWarning: This process (pid=3936) is multi-threaded, use of fork() may lead to deadlocks in the child.
  child_pid = os.fork()
/mnt/d/code/frappe_dev/my-bench/env/lib/python3.14/site-packages/rq/worker.py:1602: DeprecationWarning: This process (pid=3936) is multi-threaded, use of fork() may lead to deadlocks in the child.
  child_pid = os.fork()
/mnt/d/code/frappe_dev/my-bench/env/lib/python3.14/site-packages/rq/worker.py:1602: DeprecationWarning: This process (pid=3936) is multi-threaded, use of fork() may lead to deadlocks in the child.
  child_pid = os.fork()
/mnt/d/code/frappe_dev/my-bench/env/lib/python3.14/site-packages/rq/worker.py:1602: DeprecationWarning: This process (pid=3936) is multi-threaded, use of fork() may lead to deadlocks in the child.
  child_pid = os.fork()
/mnt/d/code/frappe_dev/my-bench/env/lib/python3.14/site-packages/rq/worker.py:1602: DeprecationWarning: This process (pid=3936) is multi-threaded, use of fork() may lead to deadlocks in the child.
  child_pid = os.fork()
/mnt/d/code/frappe_dev/my-bench/env/lib/python3.14/site-packages/rq/worker.py:1602: DeprecationWarning: This process (pid=3936) is multi-threaded, use of fork() may lead to deadlocks in the child.
  child_pid = os.fork()
/mnt/d/code/frappe_dev/my-bench/env/lib/python3.14/site-packages/rq/worker.py:1602: DeprecationWarning: This process (pid=3936) is multi-threaded, use of fork() may lead to deadlocks in the child.
  child_pid = os.fork()
/mnt/d/code/frappe_dev/my-bench/env/lib/python3.14/site-packages/rq/worker.py:1602: DeprecationWarning: This process (pid=3936) is multi-threaded, use of fork() may lead to deadlocks in the child.
  child_pid = os.fork()
